[2023-10-10T19:43:02.288+0000] {taskinstance.py:1157} INFO - Dependencies all met for dep_context=non-requeueable deps ti=<TaskInstance: airflow_exam.retrieve_raw_data scheduled__2023-10-10T19:42:00+00:00 [queued]>
[2023-10-10T19:43:02.297+0000] {taskinstance.py:1157} INFO - Dependencies all met for dep_context=requeueable deps ti=<TaskInstance: airflow_exam.retrieve_raw_data scheduled__2023-10-10T19:42:00+00:00 [queued]>
[2023-10-10T19:43:02.298+0000] {taskinstance.py:1359} INFO - Starting attempt 1 of 6
[2023-10-10T19:43:02.310+0000] {taskinstance.py:1380} INFO - Executing <Task(PythonOperator): retrieve_raw_data> on 2023-10-10 19:42:00+00:00
[2023-10-10T19:43:02.323+0000] {standard_task_runner.py:57} INFO - Started process 667 to run task
[2023-10-10T19:43:02.328+0000] {standard_task_runner.py:84} INFO - Running: ['***', 'tasks', 'run', '***_exam', 'retrieve_raw_data', 'scheduled__2023-10-10T19:42:00+00:00', '--job-id', '21', '--raw', '--subdir', 'DAGS_FOLDER/DAG.py', '--cfg-path', '/tmp/tmp964q77cm']
[2023-10-10T19:43:02.330+0000] {standard_task_runner.py:85} INFO - Job 21: Subtask retrieve_raw_data
[2023-10-10T19:43:02.344+0000] {warnings.py:109} WARNING - /home/***/.local/lib/python3.8/site-packages/***/settings.py:195: DeprecationWarning: The sql_alchemy_conn option in [core] has been moved to the sql_alchemy_conn option in [database] - the old setting has been used, but please update your config.
  SQL_ALCHEMY_CONN = conf.get("database", "SQL_ALCHEMY_CONN")

[2023-10-10T19:43:02.396+0000] {task_command.py:415} INFO - Running <TaskInstance: airflow_exam.retrieve_raw_data scheduled__2023-10-10T19:42:00+00:00 [running]> on host 1d03f982e89a
[2023-10-10T19:43:02.455+0000] {taskinstance.py:1660} INFO - Exporting env vars: AIRFLOW_CTX_DAG_OWNER='***' AIRFLOW_CTX_DAG_ID='***_exam' AIRFLOW_CTX_TASK_ID='retrieve_raw_data' AIRFLOW_CTX_EXECUTION_DATE='2023-10-10T19:42:00+00:00' AIRFLOW_CTX_TRY_NUMBER='1' AIRFLOW_CTX_DAG_RUN_ID='scheduled__2023-10-10T19:42:00+00:00'
[2023-10-10T19:43:02.991+0000] {base.py:454} INFO - Adding job tentatively -- it will be properly scheduled when the scheduler starts
[2023-10-10T19:43:02.992+0000] {base.py:895} INFO - Added job "ingest_and_schedule" to job store "default"
[2023-10-10T19:43:02.993+0000] {base.py:181} INFO - Scheduler started
[2023-10-10T19:44:03.008+0000] {base.py:123} INFO - Running job "ingest_and_schedule (trigger: interval[0:01:00], next run at: 2023-10-10 19:45:02 UTC)" (scheduled at 2023-10-10 19:44:02.991689+00:00)
[2023-10-10T19:44:03.528+0000] {base.py:454} INFO - Adding job tentatively -- it will be properly scheduled when the scheduler starts
[2023-10-10T19:44:03.529+0000] {base.py:895} INFO - Added job "ingest_and_schedule" to job store "default"
[2023-10-10T19:44:03.530+0000] {base.py:181} INFO - Scheduler started
[2023-10-10T19:45:03.006+0000] {base.py:990} WARNING - Execution of job "ingest_and_schedule (trigger: interval[0:01:00], next run at: 2023-10-10 19:45:02 UTC)" skipped: maximum number of running instances reached (1)
[2023-10-10T19:45:03.529+0000] {base.py:123} INFO - Running job "ingest_and_schedule (trigger: interval[0:01:00], next run at: 2023-10-10 19:45:03 UTC)" (scheduled at 2023-10-10 19:45:03.527866+00:00)
[2023-10-10T19:45:04.147+0000] {base.py:454} INFO - Adding job tentatively -- it will be properly scheduled when the scheduler starts
[2023-10-10T19:45:04.150+0000] {base.py:895} INFO - Added job "ingest_and_schedule" to job store "default"
[2023-10-10T19:45:04.151+0000] {base.py:181} INFO - Scheduler started
[2023-10-10T19:46:02.996+0000] {base.py:990} WARNING - Execution of job "ingest_and_schedule (trigger: interval[0:01:00], next run at: 2023-10-10 19:46:02 UTC)" skipped: maximum number of running instances reached (1)
[2023-10-10T19:46:03.531+0000] {base.py:990} WARNING - Execution of job "ingest_and_schedule (trigger: interval[0:01:00], next run at: 2023-10-10 19:46:03 UTC)" skipped: maximum number of running instances reached (1)
[2023-10-10T19:46:04.150+0000] {base.py:123} INFO - Running job "ingest_and_schedule (trigger: interval[0:01:00], next run at: 2023-10-10 19:46:04 UTC)" (scheduled at 2023-10-10 19:46:04.143941+00:00)
[2023-10-10T19:46:04.724+0000] {base.py:454} INFO - Adding job tentatively -- it will be properly scheduled when the scheduler starts
[2023-10-10T19:46:04.725+0000] {base.py:895} INFO - Added job "ingest_and_schedule" to job store "default"
[2023-10-10T19:46:04.725+0000] {base.py:181} INFO - Scheduler started
[2023-10-10T19:47:03.001+0000] {base.py:990} WARNING - Execution of job "ingest_and_schedule (trigger: interval[0:01:00], next run at: 2023-10-10 19:47:02 UTC)" skipped: maximum number of running instances reached (1)
[2023-10-10T19:47:03.534+0000] {base.py:990} WARNING - Execution of job "ingest_and_schedule (trigger: interval[0:01:00], next run at: 2023-10-10 19:47:03 UTC)" skipped: maximum number of running instances reached (1)
[2023-10-10T19:47:04.148+0000] {base.py:990} WARNING - Execution of job "ingest_and_schedule (trigger: interval[0:01:00], next run at: 2023-10-10 19:47:04 UTC)" skipped: maximum number of running instances reached (1)
[2023-10-10T19:47:04.731+0000] {base.py:123} INFO - Running job "ingest_and_schedule (trigger: interval[0:01:00], next run at: 2023-10-10 19:47:04 UTC)" (scheduled at 2023-10-10 19:47:04.723348+00:00)
[2023-10-10T19:47:05.849+0000] {base.py:454} INFO - Adding job tentatively -- it will be properly scheduled when the scheduler starts
[2023-10-10T19:47:05.898+0000] {base.py:895} INFO - Added job "ingest_and_schedule" to job store "default"
[2023-10-10T19:47:05.906+0000] {base.py:181} INFO - Scheduler started
[2023-10-10T19:48:03.000+0000] {base.py:990} WARNING - Execution of job "ingest_and_schedule (trigger: interval[0:01:00], next run at: 2023-10-10 19:48:02 UTC)" skipped: maximum number of running instances reached (1)
[2023-10-10T19:48:03.529+0000] {base.py:990} WARNING - Execution of job "ingest_and_schedule (trigger: interval[0:01:00], next run at: 2023-10-10 19:48:03 UTC)" skipped: maximum number of running instances reached (1)
[2023-10-10T19:48:04.145+0000] {base.py:990} WARNING - Execution of job "ingest_and_schedule (trigger: interval[0:01:00], next run at: 2023-10-10 19:48:04 UTC)" skipped: maximum number of running instances reached (1)
[2023-10-10T19:48:04.725+0000] {base.py:990} WARNING - Execution of job "ingest_and_schedule (trigger: interval[0:01:00], next run at: 2023-10-10 19:48:04 UTC)" skipped: maximum number of running instances reached (1)
[2023-10-10T19:48:05.843+0000] {base.py:123} INFO - Running job "ingest_and_schedule (trigger: interval[0:01:00], next run at: 2023-10-10 19:48:05 UTC)" (scheduled at 2023-10-10 19:48:05.835198+00:00)
[2023-10-10T19:48:06.354+0000] {base.py:454} INFO - Adding job tentatively -- it will be properly scheduled when the scheduler starts
[2023-10-10T19:48:06.355+0000] {base.py:895} INFO - Added job "ingest_and_schedule" to job store "default"
[2023-10-10T19:48:06.355+0000] {base.py:181} INFO - Scheduler started
[2023-10-10T19:49:03.006+0000] {base.py:990} WARNING - Execution of job "ingest_and_schedule (trigger: interval[0:01:00], next run at: 2023-10-10 19:49:02 UTC)" skipped: maximum number of running instances reached (1)
[2023-10-10T19:49:03.529+0000] {base.py:990} WARNING - Execution of job "ingest_and_schedule (trigger: interval[0:01:00], next run at: 2023-10-10 19:49:03 UTC)" skipped: maximum number of running instances reached (1)
[2023-10-10T19:49:04.145+0000] {base.py:990} WARNING - Execution of job "ingest_and_schedule (trigger: interval[0:01:00], next run at: 2023-10-10 19:49:04 UTC)" skipped: maximum number of running instances reached (1)
[2023-10-10T19:49:04.726+0000] {base.py:990} WARNING - Execution of job "ingest_and_schedule (trigger: interval[0:01:00], next run at: 2023-10-10 19:49:04 UTC)" skipped: maximum number of running instances reached (1)
[2023-10-10T19:49:05.837+0000] {base.py:990} WARNING - Execution of job "ingest_and_schedule (trigger: interval[0:01:00], next run at: 2023-10-10 19:49:05 UTC)" skipped: maximum number of running instances reached (1)
[2023-10-10T19:49:06.361+0000] {base.py:123} INFO - Running job "ingest_and_schedule (trigger: interval[0:01:00], next run at: 2023-10-10 19:49:06 UTC)" (scheduled at 2023-10-10 19:49:06.353142+00:00)
[2023-10-10T19:49:06.934+0000] {base.py:454} INFO - Adding job tentatively -- it will be properly scheduled when the scheduler starts
[2023-10-10T19:49:06.937+0000] {base.py:895} INFO - Added job "ingest_and_schedule" to job store "default"
[2023-10-10T19:49:06.938+0000] {base.py:181} INFO - Scheduler started
[2023-10-10T19:50:02.997+0000] {base.py:990} WARNING - Execution of job "ingest_and_schedule (trigger: interval[0:01:00], next run at: 2023-10-10 19:50:02 UTC)" skipped: maximum number of running instances reached (1)
[2023-10-10T19:50:03.529+0000] {base.py:990} WARNING - Execution of job "ingest_and_schedule (trigger: interval[0:01:00], next run at: 2023-10-10 19:50:03 UTC)" skipped: maximum number of running instances reached (1)
[2023-10-10T19:50:04.147+0000] {base.py:990} WARNING - Execution of job "ingest_and_schedule (trigger: interval[0:01:00], next run at: 2023-10-10 19:50:04 UTC)" skipped: maximum number of running instances reached (1)
[2023-10-10T19:50:04.726+0000] {base.py:990} WARNING - Execution of job "ingest_and_schedule (trigger: interval[0:01:00], next run at: 2023-10-10 19:50:04 UTC)" skipped: maximum number of running instances reached (1)
[2023-10-10T19:50:05.843+0000] {base.py:990} WARNING - Execution of job "ingest_and_schedule (trigger: interval[0:01:00], next run at: 2023-10-10 19:50:05 UTC)" skipped: maximum number of running instances reached (1)
[2023-10-10T19:50:06.353+0000] {base.py:990} WARNING - Execution of job "ingest_and_schedule (trigger: interval[0:01:00], next run at: 2023-10-10 19:50:06 UTC)" skipped: maximum number of running instances reached (1)
[2023-10-10T19:50:06.988+0000] {base.py:123} INFO - Running job "ingest_and_schedule (trigger: interval[0:01:00], next run at: 2023-10-10 19:51:06 UTC)" (scheduled at 2023-10-10 19:50:06.932851+00:00)
[2023-10-10T19:50:07.565+0000] {base.py:454} INFO - Adding job tentatively -- it will be properly scheduled when the scheduler starts
[2023-10-10T19:50:07.568+0000] {base.py:895} INFO - Added job "ingest_and_schedule" to job store "default"
[2023-10-10T19:50:07.569+0000] {base.py:181} INFO - Scheduler started
[2023-10-10T19:51:02.995+0000] {base.py:990} WARNING - Execution of job "ingest_and_schedule (trigger: interval[0:01:00], next run at: 2023-10-10 19:51:02 UTC)" skipped: maximum number of running instances reached (1)
[2023-10-10T19:51:03.529+0000] {base.py:990} WARNING - Execution of job "ingest_and_schedule (trigger: interval[0:01:00], next run at: 2023-10-10 19:51:03 UTC)" skipped: maximum number of running instances reached (1)
[2023-10-10T19:51:04.145+0000] {base.py:990} WARNING - Execution of job "ingest_and_schedule (trigger: interval[0:01:00], next run at: 2023-10-10 19:51:04 UTC)" skipped: maximum number of running instances reached (1)
[2023-10-10T19:51:04.728+0000] {base.py:990} WARNING - Execution of job "ingest_and_schedule (trigger: interval[0:01:00], next run at: 2023-10-10 19:51:04 UTC)" skipped: maximum number of running instances reached (1)
[2023-10-10T19:51:05.838+0000] {base.py:990} WARNING - Execution of job "ingest_and_schedule (trigger: interval[0:01:00], next run at: 2023-10-10 19:51:05 UTC)" skipped: maximum number of running instances reached (1)
[2023-10-10T19:51:06.354+0000] {base.py:990} WARNING - Execution of job "ingest_and_schedule (trigger: interval[0:01:00], next run at: 2023-10-10 19:51:06 UTC)" skipped: maximum number of running instances reached (1)
[2023-10-10T19:51:06.937+0000] {base.py:990} WARNING - Execution of job "ingest_and_schedule (trigger: interval[0:01:00], next run at: 2023-10-10 19:51:06 UTC)" skipped: maximum number of running instances reached (1)
[2023-10-10T19:51:07.569+0000] {base.py:123} INFO - Running job "ingest_and_schedule (trigger: interval[0:01:00], next run at: 2023-10-10 19:51:07 UTC)" (scheduled at 2023-10-10 19:51:07.563474+00:00)
[2023-10-10T19:51:08.072+0000] {base.py:454} INFO - Adding job tentatively -- it will be properly scheduled when the scheduler starts
[2023-10-10T19:51:08.073+0000] {base.py:895} INFO - Added job "ingest_and_schedule" to job store "default"
[2023-10-10T19:51:08.073+0000] {base.py:181} INFO - Scheduler started
[2023-10-10T19:52:02.994+0000] {base.py:990} WARNING - Execution of job "ingest_and_schedule (trigger: interval[0:01:00], next run at: 2023-10-10 19:52:02 UTC)" skipped: maximum number of running instances reached (1)
[2023-10-10T19:52:03.528+0000] {base.py:990} WARNING - Execution of job "ingest_and_schedule (trigger: interval[0:01:00], next run at: 2023-10-10 19:52:03 UTC)" skipped: maximum number of running instances reached (1)
[2023-10-10T19:52:04.144+0000] {base.py:990} WARNING - Execution of job "ingest_and_schedule (trigger: interval[0:01:00], next run at: 2023-10-10 19:52:04 UTC)" skipped: maximum number of running instances reached (1)
[2023-10-10T19:52:04.732+0000] {base.py:990} WARNING - Execution of job "ingest_and_schedule (trigger: interval[0:01:00], next run at: 2023-10-10 19:52:04 UTC)" skipped: maximum number of running instances reached (1)
[2023-10-10T19:52:05.842+0000] {base.py:990} WARNING - Execution of job "ingest_and_schedule (trigger: interval[0:01:00], next run at: 2023-10-10 19:52:05 UTC)" skipped: maximum number of running instances reached (1)
[2023-10-10T19:52:06.353+0000] {base.py:990} WARNING - Execution of job "ingest_and_schedule (trigger: interval[0:01:00], next run at: 2023-10-10 19:52:06 UTC)" skipped: maximum number of running instances reached (1)
[2023-10-10T19:52:06.935+0000] {base.py:990} WARNING - Execution of job "ingest_and_schedule (trigger: interval[0:01:00], next run at: 2023-10-10 19:52:06 UTC)" skipped: maximum number of running instances reached (1)
[2023-10-10T19:52:07.565+0000] {base.py:990} WARNING - Execution of job "ingest_and_schedule (trigger: interval[0:01:00], next run at: 2023-10-10 19:52:07 UTC)" skipped: maximum number of running instances reached (1)
[2023-10-10T19:52:08.076+0000] {base.py:123} INFO - Running job "ingest_and_schedule (trigger: interval[0:01:00], next run at: 2023-10-10 19:52:08 UTC)" (scheduled at 2023-10-10 19:52:08.071789+00:00)
[2023-10-10T19:52:08.658+0000] {base.py:454} INFO - Adding job tentatively -- it will be properly scheduled when the scheduler starts
[2023-10-10T19:52:08.663+0000] {base.py:895} INFO - Added job "ingest_and_schedule" to job store "default"
[2023-10-10T19:52:08.663+0000] {base.py:181} INFO - Scheduler started
[2023-10-10T19:53:02.994+0000] {base.py:990} WARNING - Execution of job "ingest_and_schedule (trigger: interval[0:01:00], next run at: 2023-10-10 19:53:02 UTC)" skipped: maximum number of running instances reached (1)
[2023-10-10T19:53:03.530+0000] {base.py:990} WARNING - Execution of job "ingest_and_schedule (trigger: interval[0:01:00], next run at: 2023-10-10 19:53:03 UTC)" skipped: maximum number of running instances reached (1)
[2023-10-10T19:53:04.147+0000] {base.py:990} WARNING - Execution of job "ingest_and_schedule (trigger: interval[0:01:00], next run at: 2023-10-10 19:53:04 UTC)" skipped: maximum number of running instances reached (1)
[2023-10-10T19:53:04.725+0000] {base.py:990} WARNING - Execution of job "ingest_and_schedule (trigger: interval[0:01:00], next run at: 2023-10-10 19:53:04 UTC)" skipped: maximum number of running instances reached (1)
[2023-10-10T19:53:05.848+0000] {base.py:990} WARNING - Execution of job "ingest_and_schedule (trigger: interval[0:01:00], next run at: 2023-10-10 19:53:05 UTC)" skipped: maximum number of running instances reached (1)
[2023-10-10T19:53:06.354+0000] {base.py:990} WARNING - Execution of job "ingest_and_schedule (trigger: interval[0:01:00], next run at: 2023-10-10 19:53:06 UTC)" skipped: maximum number of running instances reached (1)
[2023-10-10T19:53:06.937+0000] {base.py:990} WARNING - Execution of job "ingest_and_schedule (trigger: interval[0:01:00], next run at: 2023-10-10 19:53:06 UTC)" skipped: maximum number of running instances reached (1)
[2023-10-10T19:53:07.565+0000] {base.py:990} WARNING - Execution of job "ingest_and_schedule (trigger: interval[0:01:00], next run at: 2023-10-10 19:53:07 UTC)" skipped: maximum number of running instances reached (1)
[2023-10-10T19:53:08.072+0000] {base.py:990} WARNING - Execution of job "ingest_and_schedule (trigger: interval[0:01:00], next run at: 2023-10-10 19:53:08 UTC)" skipped: maximum number of running instances reached (1)
[2023-10-10T19:53:08.665+0000] {base.py:123} INFO - Running job "ingest_and_schedule (trigger: interval[0:01:00], next run at: 2023-10-10 19:53:08 UTC)" (scheduled at 2023-10-10 19:53:08.656303+00:00)
[2023-10-10T19:53:09.201+0000] {base.py:454} INFO - Adding job tentatively -- it will be properly scheduled when the scheduler starts
[2023-10-10T19:53:09.202+0000] {base.py:895} INFO - Added job "ingest_and_schedule" to job store "default"
[2023-10-10T19:53:09.203+0000] {base.py:181} INFO - Scheduler started
[2023-10-10T19:54:02.999+0000] {base.py:990} WARNING - Execution of job "ingest_and_schedule (trigger: interval[0:01:00], next run at: 2023-10-10 19:54:02 UTC)" skipped: maximum number of running instances reached (1)
[2023-10-10T19:54:03.528+0000] {base.py:990} WARNING - Execution of job "ingest_and_schedule (trigger: interval[0:01:00], next run at: 2023-10-10 19:54:03 UTC)" skipped: maximum number of running instances reached (1)
[2023-10-10T19:54:04.149+0000] {base.py:990} WARNING - Execution of job "ingest_and_schedule (trigger: interval[0:01:00], next run at: 2023-10-10 19:54:04 UTC)" skipped: maximum number of running instances reached (1)
[2023-10-10T19:54:04.724+0000] {base.py:990} WARNING - Execution of job "ingest_and_schedule (trigger: interval[0:01:00], next run at: 2023-10-10 19:54:04 UTC)" skipped: maximum number of running instances reached (1)
[2023-10-10T19:54:05.842+0000] {base.py:990} WARNING - Execution of job "ingest_and_schedule (trigger: interval[0:01:00], next run at: 2023-10-10 19:54:05 UTC)" skipped: maximum number of running instances reached (1)
[2023-10-10T19:54:06.353+0000] {base.py:990} WARNING - Execution of job "ingest_and_schedule (trigger: interval[0:01:00], next run at: 2023-10-10 19:54:06 UTC)" skipped: maximum number of running instances reached (1)
[2023-10-10T19:54:06.935+0000] {base.py:990} WARNING - Execution of job "ingest_and_schedule (trigger: interval[0:01:00], next run at: 2023-10-10 19:54:06 UTC)" skipped: maximum number of running instances reached (1)
[2023-10-10T19:54:07.564+0000] {base.py:990} WARNING - Execution of job "ingest_and_schedule (trigger: interval[0:01:00], next run at: 2023-10-10 19:54:07 UTC)" skipped: maximum number of running instances reached (1)
[2023-10-10T19:54:08.073+0000] {base.py:990} WARNING - Execution of job "ingest_and_schedule (trigger: interval[0:01:00], next run at: 2023-10-10 19:54:08 UTC)" skipped: maximum number of running instances reached (1)
[2023-10-10T19:54:08.661+0000] {base.py:990} WARNING - Execution of job "ingest_and_schedule (trigger: interval[0:01:00], next run at: 2023-10-10 19:54:08 UTC)" skipped: maximum number of running instances reached (1)
[2023-10-10T19:54:09.218+0000] {base.py:123} INFO - Running job "ingest_and_schedule (trigger: interval[0:01:00], next run at: 2023-10-10 19:54:09 UTC)" (scheduled at 2023-10-10 19:54:09.201432+00:00)
[2023-10-10T19:54:09.846+0000] {base.py:454} INFO - Adding job tentatively -- it will be properly scheduled when the scheduler starts
[2023-10-10T19:54:09.849+0000] {base.py:895} INFO - Added job "ingest_and_schedule" to job store "default"
[2023-10-10T19:54:09.849+0000] {base.py:181} INFO - Scheduler started
[2023-10-10T19:55:02.999+0000] {base.py:990} WARNING - Execution of job "ingest_and_schedule (trigger: interval[0:01:00], next run at: 2023-10-10 19:55:02 UTC)" skipped: maximum number of running instances reached (1)
[2023-10-10T19:55:03.528+0000] {base.py:990} WARNING - Execution of job "ingest_and_schedule (trigger: interval[0:01:00], next run at: 2023-10-10 19:55:03 UTC)" skipped: maximum number of running instances reached (1)
[2023-10-10T19:55:04.156+0000] {base.py:990} WARNING - Execution of job "ingest_and_schedule (trigger: interval[0:01:00], next run at: 2023-10-10 19:55:04 UTC)" skipped: maximum number of running instances reached (1)
[2023-10-10T19:55:04.724+0000] {base.py:990} WARNING - Execution of job "ingest_and_schedule (trigger: interval[0:01:00], next run at: 2023-10-10 19:55:04 UTC)" skipped: maximum number of running instances reached (1)
[2023-10-10T19:55:05.854+0000] {base.py:990} WARNING - Execution of job "ingest_and_schedule (trigger: interval[0:01:00], next run at: 2023-10-10 19:55:05 UTC)" skipped: maximum number of running instances reached (1)
[2023-10-10T19:55:06.354+0000] {base.py:990} WARNING - Execution of job "ingest_and_schedule (trigger: interval[0:01:00], next run at: 2023-10-10 19:55:06 UTC)" skipped: maximum number of running instances reached (1)
[2023-10-10T19:55:06.945+0000] {base.py:990} WARNING - Execution of job "ingest_and_schedule (trigger: interval[0:01:00], next run at: 2023-10-10 19:55:06 UTC)" skipped: maximum number of running instances reached (1)
[2023-10-10T19:55:07.564+0000] {base.py:990} WARNING - Execution of job "ingest_and_schedule (trigger: interval[0:01:00], next run at: 2023-10-10 19:55:07 UTC)" skipped: maximum number of running instances reached (1)
[2023-10-10T19:55:08.077+0000] {base.py:990} WARNING - Execution of job "ingest_and_schedule (trigger: interval[0:01:00], next run at: 2023-10-10 19:55:08 UTC)" skipped: maximum number of running instances reached (1)
[2023-10-10T19:55:08.656+0000] {base.py:990} WARNING - Execution of job "ingest_and_schedule (trigger: interval[0:01:00], next run at: 2023-10-10 19:55:08 UTC)" skipped: maximum number of running instances reached (1)
[2023-10-10T19:55:09.207+0000] {base.py:990} WARNING - Execution of job "ingest_and_schedule (trigger: interval[0:01:00], next run at: 2023-10-10 19:55:09 UTC)" skipped: maximum number of running instances reached (1)
[2023-10-10T19:55:09.850+0000] {base.py:123} INFO - Running job "ingest_and_schedule (trigger: interval[0:01:00], next run at: 2023-10-10 19:55:09 UTC)" (scheduled at 2023-10-10 19:55:09.845264+00:00)
[2023-10-10T19:55:10.449+0000] {base.py:454} INFO - Adding job tentatively -- it will be properly scheduled when the scheduler starts
[2023-10-10T19:55:10.450+0000] {base.py:895} INFO - Added job "ingest_and_schedule" to job store "default"
[2023-10-10T19:55:10.451+0000] {base.py:181} INFO - Scheduler started
[2023-10-10T19:56:02.996+0000] {base.py:990} WARNING - Execution of job "ingest_and_schedule (trigger: interval[0:01:00], next run at: 2023-10-10 19:56:02 UTC)" skipped: maximum number of running instances reached (1)
[2023-10-10T19:56:03.533+0000] {base.py:990} WARNING - Execution of job "ingest_and_schedule (trigger: interval[0:01:00], next run at: 2023-10-10 19:56:03 UTC)" skipped: maximum number of running instances reached (1)
[2023-10-10T19:56:04.149+0000] {base.py:990} WARNING - Execution of job "ingest_and_schedule (trigger: interval[0:01:00], next run at: 2023-10-10 19:56:04 UTC)" skipped: maximum number of running instances reached (1)
[2023-10-10T19:56:04.726+0000] {base.py:990} WARNING - Execution of job "ingest_and_schedule (trigger: interval[0:01:00], next run at: 2023-10-10 19:56:04 UTC)" skipped: maximum number of running instances reached (1)
[2023-10-10T19:56:05.838+0000] {base.py:990} WARNING - Execution of job "ingest_and_schedule (trigger: interval[0:01:00], next run at: 2023-10-10 19:56:05 UTC)" skipped: maximum number of running instances reached (1)
[2023-10-10T19:56:06.355+0000] {base.py:990} WARNING - Execution of job "ingest_and_schedule (trigger: interval[0:01:00], next run at: 2023-10-10 19:56:06 UTC)" skipped: maximum number of running instances reached (1)
[2023-10-10T19:56:06.937+0000] {base.py:990} WARNING - Execution of job "ingest_and_schedule (trigger: interval[0:01:00], next run at: 2023-10-10 19:56:06 UTC)" skipped: maximum number of running instances reached (1)
[2023-10-10T19:56:07.564+0000] {base.py:990} WARNING - Execution of job "ingest_and_schedule (trigger: interval[0:01:00], next run at: 2023-10-10 19:56:07 UTC)" skipped: maximum number of running instances reached (1)
[2023-10-10T19:56:08.074+0000] {base.py:990} WARNING - Execution of job "ingest_and_schedule (trigger: interval[0:01:00], next run at: 2023-10-10 19:56:08 UTC)" skipped: maximum number of running instances reached (1)
[2023-10-10T19:56:08.661+0000] {base.py:990} WARNING - Execution of job "ingest_and_schedule (trigger: interval[0:01:00], next run at: 2023-10-10 19:56:08 UTC)" skipped: maximum number of running instances reached (1)
[2023-10-10T19:56:09.205+0000] {base.py:990} WARNING - Execution of job "ingest_and_schedule (trigger: interval[0:01:00], next run at: 2023-10-10 19:56:09 UTC)" skipped: maximum number of running instances reached (1)
[2023-10-10T19:56:09.846+0000] {base.py:990} WARNING - Execution of job "ingest_and_schedule (trigger: interval[0:01:00], next run at: 2023-10-10 19:56:09 UTC)" skipped: maximum number of running instances reached (1)
[2023-10-10T19:56:10.457+0000] {base.py:123} INFO - Running job "ingest_and_schedule (trigger: interval[0:01:00], next run at: 2023-10-10 19:56:10 UTC)" (scheduled at 2023-10-10 19:56:10.449148+00:00)
[2023-10-10T19:56:11.100+0000] {base.py:454} INFO - Adding job tentatively -- it will be properly scheduled when the scheduler starts
[2023-10-10T19:56:11.102+0000] {base.py:895} INFO - Added job "ingest_and_schedule" to job store "default"
[2023-10-10T19:56:11.102+0000] {base.py:181} INFO - Scheduler started
[2023-10-10T19:57:02.995+0000] {base.py:990} WARNING - Execution of job "ingest_and_schedule (trigger: interval[0:01:00], next run at: 2023-10-10 19:57:02 UTC)" skipped: maximum number of running instances reached (1)
[2023-10-10T19:57:03.528+0000] {base.py:990} WARNING - Execution of job "ingest_and_schedule (trigger: interval[0:01:00], next run at: 2023-10-10 19:57:03 UTC)" skipped: maximum number of running instances reached (1)
[2023-10-10T19:57:04.154+0000] {base.py:990} WARNING - Execution of job "ingest_and_schedule (trigger: interval[0:01:00], next run at: 2023-10-10 19:57:04 UTC)" skipped: maximum number of running instances reached (1)
[2023-10-10T19:57:04.724+0000] {base.py:990} WARNING - Execution of job "ingest_and_schedule (trigger: interval[0:01:00], next run at: 2023-10-10 19:57:04 UTC)" skipped: maximum number of running instances reached (1)
[2023-10-10T19:57:05.865+0000] {base.py:990} WARNING - Execution of job "ingest_and_schedule (trigger: interval[0:01:00], next run at: 2023-10-10 19:57:05 UTC)" skipped: maximum number of running instances reached (1)
[2023-10-10T19:57:06.354+0000] {base.py:990} WARNING - Execution of job "ingest_and_schedule (trigger: interval[0:01:00], next run at: 2023-10-10 19:57:06 UTC)" skipped: maximum number of running instances reached (1)
[2023-10-10T19:57:06.939+0000] {base.py:990} WARNING - Execution of job "ingest_and_schedule (trigger: interval[0:01:00], next run at: 2023-10-10 19:57:06 UTC)" skipped: maximum number of running instances reached (1)
[2023-10-10T19:57:07.580+0000] {base.py:990} WARNING - Execution of job "ingest_and_schedule (trigger: interval[0:01:00], next run at: 2023-10-10 19:57:07 UTC)" skipped: maximum number of running instances reached (1)
[2023-10-10T19:57:08.086+0000] {base.py:990} WARNING - Execution of job "ingest_and_schedule (trigger: interval[0:01:00], next run at: 2023-10-10 19:57:08 UTC)" skipped: maximum number of running instances reached (1)
[2023-10-10T19:57:08.682+0000] {base.py:990} WARNING - Execution of job "ingest_and_schedule (trigger: interval[0:01:00], next run at: 2023-10-10 19:57:08 UTC)" skipped: maximum number of running instances reached (1)
[2023-10-10T19:57:09.228+0000] {base.py:990} WARNING - Execution of job "ingest_and_schedule (trigger: interval[0:01:00], next run at: 2023-10-10 19:57:09 UTC)" skipped: maximum number of running instances reached (1)
[2023-10-10T19:57:09.864+0000] {base.py:990} WARNING - Execution of job "ingest_and_schedule (trigger: interval[0:01:00], next run at: 2023-10-10 19:57:09 UTC)" skipped: maximum number of running instances reached (1)
[2023-10-10T19:57:10.450+0000] {base.py:990} WARNING - Execution of job "ingest_and_schedule (trigger: interval[0:01:00], next run at: 2023-10-10 19:57:10 UTC)" skipped: maximum number of running instances reached (1)
[2023-10-10T19:57:11.159+0000] {base.py:123} INFO - Running job "ingest_and_schedule (trigger: interval[0:01:00], next run at: 2023-10-10 19:58:11 UTC)" (scheduled at 2023-10-10 19:57:11.099648+00:00)
[2023-10-10T19:57:11.929+0000] {base.py:454} INFO - Adding job tentatively -- it will be properly scheduled when the scheduler starts
[2023-10-10T19:57:11.944+0000] {base.py:895} INFO - Added job "ingest_and_schedule" to job store "default"
[2023-10-10T19:57:11.947+0000] {base.py:181} INFO - Scheduler started
[2023-10-10T19:58:02.994+0000] {base.py:990} WARNING - Execution of job "ingest_and_schedule (trigger: interval[0:01:00], next run at: 2023-10-10 19:58:02 UTC)" skipped: maximum number of running instances reached (1)
[2023-10-10T19:58:03.528+0000] {base.py:990} WARNING - Execution of job "ingest_and_schedule (trigger: interval[0:01:00], next run at: 2023-10-10 19:58:03 UTC)" skipped: maximum number of running instances reached (1)
[2023-10-10T19:58:04.147+0000] {base.py:990} WARNING - Execution of job "ingest_and_schedule (trigger: interval[0:01:00], next run at: 2023-10-10 19:58:04 UTC)" skipped: maximum number of running instances reached (1)
[2023-10-10T19:58:04.730+0000] {base.py:990} WARNING - Execution of job "ingest_and_schedule (trigger: interval[0:01:00], next run at: 2023-10-10 19:58:04 UTC)" skipped: maximum number of running instances reached (1)
[2023-10-10T19:58:05.838+0000] {base.py:990} WARNING - Execution of job "ingest_and_schedule (trigger: interval[0:01:00], next run at: 2023-10-10 19:58:05 UTC)" skipped: maximum number of running instances reached (1)
[2023-10-10T19:58:06.354+0000] {base.py:990} WARNING - Execution of job "ingest_and_schedule (trigger: interval[0:01:00], next run at: 2023-10-10 19:58:06 UTC)" skipped: maximum number of running instances reached (1)
[2023-10-10T19:58:06.933+0000] {base.py:990} WARNING - Execution of job "ingest_and_schedule (trigger: interval[0:01:00], next run at: 2023-10-10 19:58:06 UTC)" skipped: maximum number of running instances reached (1)
[2023-10-10T19:58:07.564+0000] {base.py:990} WARNING - Execution of job "ingest_and_schedule (trigger: interval[0:01:00], next run at: 2023-10-10 19:58:07 UTC)" skipped: maximum number of running instances reached (1)
[2023-10-10T19:58:08.077+0000] {base.py:990} WARNING - Execution of job "ingest_and_schedule (trigger: interval[0:01:00], next run at: 2023-10-10 19:58:08 UTC)" skipped: maximum number of running instances reached (1)
[2023-10-10T19:58:08.658+0000] {base.py:990} WARNING - Execution of job "ingest_and_schedule (trigger: interval[0:01:00], next run at: 2023-10-10 19:58:08 UTC)" skipped: maximum number of running instances reached (1)
[2023-10-10T19:58:09.202+0000] {base.py:990} WARNING - Execution of job "ingest_and_schedule (trigger: interval[0:01:00], next run at: 2023-10-10 19:58:09 UTC)" skipped: maximum number of running instances reached (1)
[2023-10-10T19:58:09.848+0000] {base.py:990} WARNING - Execution of job "ingest_and_schedule (trigger: interval[0:01:00], next run at: 2023-10-10 19:58:09 UTC)" skipped: maximum number of running instances reached (1)
[2023-10-10T19:58:10.450+0000] {base.py:990} WARNING - Execution of job "ingest_and_schedule (trigger: interval[0:01:00], next run at: 2023-10-10 19:58:10 UTC)" skipped: maximum number of running instances reached (1)
[2023-10-10T19:58:11.101+0000] {base.py:990} WARNING - Execution of job "ingest_and_schedule (trigger: interval[0:01:00], next run at: 2023-10-10 19:58:11 UTC)" skipped: maximum number of running instances reached (1)
[2023-10-10T19:58:11.927+0000] {base.py:123} INFO - Running job "ingest_and_schedule (trigger: interval[0:01:00], next run at: 2023-10-10 19:58:11 UTC)" (scheduled at 2023-10-10 19:58:11.921315+00:00)
[2023-10-10T19:58:12.563+0000] {base.py:454} INFO - Adding job tentatively -- it will be properly scheduled when the scheduler starts
[2023-10-10T19:58:12.566+0000] {base.py:895} INFO - Added job "ingest_and_schedule" to job store "default"
[2023-10-10T19:58:12.567+0000] {base.py:181} INFO - Scheduler started
[2023-10-10T19:59:03.000+0000] {base.py:990} WARNING - Execution of job "ingest_and_schedule (trigger: interval[0:01:00], next run at: 2023-10-10 19:59:02 UTC)" skipped: maximum number of running instances reached (1)
[2023-10-10T19:59:03.529+0000] {base.py:990} WARNING - Execution of job "ingest_and_schedule (trigger: interval[0:01:00], next run at: 2023-10-10 19:59:03 UTC)" skipped: maximum number of running instances reached (1)
[2023-10-10T19:59:04.158+0000] {base.py:990} WARNING - Execution of job "ingest_and_schedule (trigger: interval[0:01:00], next run at: 2023-10-10 19:59:04 UTC)" skipped: maximum number of running instances reached (1)
[2023-10-10T19:59:04.727+0000] {base.py:990} WARNING - Execution of job "ingest_and_schedule (trigger: interval[0:01:00], next run at: 2023-10-10 19:59:04 UTC)" skipped: maximum number of running instances reached (1)
[2023-10-10T19:59:05.838+0000] {base.py:990} WARNING - Execution of job "ingest_and_schedule (trigger: interval[0:01:00], next run at: 2023-10-10 19:59:05 UTC)" skipped: maximum number of running instances reached (1)
[2023-10-10T19:59:06.353+0000] {base.py:990} WARNING - Execution of job "ingest_and_schedule (trigger: interval[0:01:00], next run at: 2023-10-10 19:59:06 UTC)" skipped: maximum number of running instances reached (1)
[2023-10-10T19:59:06.938+0000] {base.py:990} WARNING - Execution of job "ingest_and_schedule (trigger: interval[0:01:00], next run at: 2023-10-10 19:59:06 UTC)" skipped: maximum number of running instances reached (1)
[2023-10-10T19:59:07.563+0000] {base.py:990} WARNING - Execution of job "ingest_and_schedule (trigger: interval[0:01:00], next run at: 2023-10-10 19:59:07 UTC)" skipped: maximum number of running instances reached (1)
[2023-10-10T19:59:08.077+0000] {base.py:990} WARNING - Execution of job "ingest_and_schedule (trigger: interval[0:01:00], next run at: 2023-10-10 19:59:08 UTC)" skipped: maximum number of running instances reached (1)
[2023-10-10T19:59:08.657+0000] {base.py:990} WARNING - Execution of job "ingest_and_schedule (trigger: interval[0:01:00], next run at: 2023-10-10 19:59:08 UTC)" skipped: maximum number of running instances reached (1)
[2023-10-10T19:59:09.207+0000] {base.py:990} WARNING - Execution of job "ingest_and_schedule (trigger: interval[0:01:00], next run at: 2023-10-10 19:59:09 UTC)" skipped: maximum number of running instances reached (1)
[2023-10-10T19:59:09.846+0000] {base.py:990} WARNING - Execution of job "ingest_and_schedule (trigger: interval[0:01:00], next run at: 2023-10-10 19:59:09 UTC)" skipped: maximum number of running instances reached (1)
[2023-10-10T19:59:10.455+0000] {base.py:990} WARNING - Execution of job "ingest_and_schedule (trigger: interval[0:01:00], next run at: 2023-10-10 19:59:10 UTC)" skipped: maximum number of running instances reached (1)
[2023-10-10T19:59:11.106+0000] {base.py:990} WARNING - Execution of job "ingest_and_schedule (trigger: interval[0:01:00], next run at: 2023-10-10 19:59:11 UTC)" skipped: maximum number of running instances reached (1)
[2023-10-10T19:59:11.924+0000] {base.py:990} WARNING - Execution of job "ingest_and_schedule (trigger: interval[0:01:00], next run at: 2023-10-10 19:59:11 UTC)" skipped: maximum number of running instances reached (1)
[2023-10-10T19:59:12.566+0000] {base.py:123} INFO - Running job "ingest_and_schedule (trigger: interval[0:01:00], next run at: 2023-10-10 20:00:12 UTC)" (scheduled at 2023-10-10 19:59:12.562975+00:00)
[2023-10-10T19:59:13.260+0000] {base.py:454} INFO - Adding job tentatively -- it will be properly scheduled when the scheduler starts
[2023-10-10T19:59:13.266+0000] {base.py:895} INFO - Added job "ingest_and_schedule" to job store "default"
[2023-10-10T19:59:13.267+0000] {base.py:181} INFO - Scheduler started
[2023-10-10T19:59:56.400+0000] {local_task_job_runner.py:115} ERROR - Received SIGTERM. Terminating subprocesses
[2023-10-10T19:59:56.846+0000] {process_utils.py:131} INFO - Sending 15 to group 667. PIDs of all processes in the group: [667]
[2023-10-10T19:59:56.851+0000] {process_utils.py:86} INFO - Sending the signal 15 to group 667
[2023-10-10T19:59:56.866+0000] {taskinstance.py:1630} ERROR - Received SIGTERM. Terminating subprocesses.
[2023-10-10T19:59:57.147+0000] {taskinstance.py:1935} ERROR - Task failed with exception
Traceback (most recent call last):
  File "/home/airflow/.local/lib/python3.8/site-packages/airflow/operators/python.py", line 192, in execute
    return_value = self.execute_callable()
  File "/home/airflow/.local/lib/python3.8/site-packages/airflow/operators/python.py", line 209, in execute_callable
    return self.python_callable(*self.op_args, **self.op_kwargs)
  File "/opt/airflow/dags/data_ingestion.py", line 50, in ingest_and_schedule
    scheduler = BlockingScheduler()
  File "/home/airflow/.local/lib/python3.8/site-packages/apscheduler/schedulers/blocking.py", line 21, in start
    self._main_loop()
  File "/home/airflow/.local/lib/python3.8/site-packages/apscheduler/schedulers/blocking.py", line 30, in _main_loop
    self._event.wait(wait_seconds)
  File "/usr/local/lib/python3.8/threading.py", line 558, in wait
    signaled = self._cond.wait(timeout)
  File "/usr/local/lib/python3.8/threading.py", line 306, in wait
    gotit = waiter.acquire(True, timeout)
  File "/home/airflow/.local/lib/python3.8/site-packages/airflow/models/taskinstance.py", line 1632, in signal_handler
    raise AirflowException("Task received SIGTERM signal")
airflow.exceptions.AirflowException: Task received SIGTERM signal
[2023-10-10T19:59:57.217+0000] {taskinstance.py:1398} INFO - Marking task as UP_FOR_RETRY. dag_id=***_exam, task_id=retrieve_raw_data, execution_date=20231010T194200, start_date=20231010T194302, end_date=20231010T195957
[2023-10-10T19:59:57.380+0000] {standard_task_runner.py:104} ERROR - Failed to execute job 21 for task retrieve_raw_data (Task received SIGTERM signal; 667)
[2023-10-10T19:59:57.488+0000] {process_utils.py:79} INFO - Process psutil.Process(pid=667, status='terminated', exitcode=1, started='19:43:02') (667) terminated with exit code 1
[2023-10-10T19:59:57.517+0000] {local_task_job_runner.py:228} INFO - Task exited with return code 143
[2023-10-10T19:59:57.760+0000] {taskinstance.py:2776} INFO - 0 downstream tasks scheduled from follow-on schedule check
