[2023-10-10T15:25:46.254+0000] {taskinstance.py:1157} INFO - Dependencies all met for dep_context=non-requeueable deps ti=<TaskInstance: airflow_exam.transform_into_fulldata.csv manual__2023-10-10T15:25:38.357980+00:00 [queued]>
[2023-10-10T15:25:46.267+0000] {taskinstance.py:1157} INFO - Dependencies all met for dep_context=requeueable deps ti=<TaskInstance: airflow_exam.transform_into_fulldata.csv manual__2023-10-10T15:25:38.357980+00:00 [queued]>
[2023-10-10T15:25:46.267+0000] {taskinstance.py:1359} INFO - Starting attempt 1 of 1
[2023-10-10T15:25:46.281+0000] {taskinstance.py:1380} INFO - Executing <Task(PythonOperator): transform_into_fulldata.csv> on 2023-10-10 15:25:38.357980+00:00
[2023-10-10T15:25:46.298+0000] {standard_task_runner.py:57} INFO - Started process 2494 to run task
[2023-10-10T15:25:46.303+0000] {standard_task_runner.py:84} INFO - Running: ['***', 'tasks', 'run', '***_exam', 'transform_into_fulldata.csv', 'manual__2023-10-10T15:25:38.357980+00:00', '--job-id', '114', '--raw', '--subdir', 'DAGS_FOLDER/DAG.py', '--cfg-path', '/tmp/tmpvgyt60s6']
[2023-10-10T15:25:46.312+0000] {standard_task_runner.py:85} INFO - Job 114: Subtask transform_into_fulldata.csv
[2023-10-10T15:25:46.340+0000] {warnings.py:109} WARNING - /home/***/.local/lib/python3.8/site-packages/***/settings.py:195: DeprecationWarning: The sql_alchemy_conn option in [core] has been moved to the sql_alchemy_conn option in [database] - the old setting has been used, but please update your config.
  SQL_ALCHEMY_CONN = conf.get("database", "SQL_ALCHEMY_CONN")

[2023-10-10T15:25:46.375+0000] {task_command.py:415} INFO - Running <TaskInstance: airflow_exam.transform_into_fulldata.csv manual__2023-10-10T15:25:38.357980+00:00 [running]> on host 137abce082a9
[2023-10-10T15:25:46.428+0000] {taskinstance.py:1660} INFO - Exporting env vars: AIRFLOW_CTX_DAG_OWNER='***' AIRFLOW_CTX_DAG_ID='***_exam' AIRFLOW_CTX_TASK_ID='transform_into_fulldata.csv' AIRFLOW_CTX_EXECUTION_DATE='2023-10-10T15:25:38.357980+00:00' AIRFLOW_CTX_TRY_NUMBER='1' AIRFLOW_CTX_DAG_RUN_ID='manual__2023-10-10T15:25:38.357980+00:00'
[2023-10-10T15:25:46.430+0000] {taskinstance.py:1935} ERROR - Task failed with exception
Traceback (most recent call last):
  File "/home/airflow/.local/lib/python3.8/site-packages/airflow/operators/python.py", line 192, in execute
    return_value = self.execute_callable()
  File "/home/airflow/.local/lib/python3.8/site-packages/airflow/operators/python.py", line 209, in execute_callable
    return self.python_callable(*self.op_args, **self.op_kwargs)
  File "/opt/airflow/dags/Transform.py", line 24, in transform_into_csv
    'temperature': data_city['main']['temp'],
TypeError: string indices must be integers
[2023-10-10T15:25:46.436+0000] {taskinstance.py:1398} INFO - Marking task as FAILED. dag_id=***_exam, task_id=transform_into_fulldata.csv, execution_date=20231010T152538, start_date=20231010T152546, end_date=20231010T152546
[2023-10-10T15:25:46.445+0000] {standard_task_runner.py:104} ERROR - Failed to execute job 114 for task transform_into_fulldata.csv (string indices must be integers; 2494)
[2023-10-10T15:25:46.482+0000] {local_task_job_runner.py:228} INFO - Task exited with return code 1
[2023-10-10T15:25:46.500+0000] {taskinstance.py:2776} INFO - 0 downstream tasks scheduled from follow-on schedule check
