[2023-10-10T14:58:06.356+0000] {taskinstance.py:1157} INFO - Dependencies all met for dep_context=non-requeueable deps ti=<TaskInstance: airflow_exam.transform_into_fulldata.csv manual__2023-10-10T14:57:48.726608+00:00 [queued]>
[2023-10-10T14:58:06.385+0000] {taskinstance.py:1157} INFO - Dependencies all met for dep_context=requeueable deps ti=<TaskInstance: airflow_exam.transform_into_fulldata.csv manual__2023-10-10T14:57:48.726608+00:00 [queued]>
[2023-10-10T14:58:06.386+0000] {taskinstance.py:1359} INFO - Starting attempt 1 of 1
[2023-10-10T14:58:06.423+0000] {taskinstance.py:1380} INFO - Executing <Task(PythonOperator): transform_into_fulldata.csv> on 2023-10-10 14:57:48.726608+00:00
[2023-10-10T14:58:06.477+0000] {standard_task_runner.py:57} INFO - Started process 297 to run task
[2023-10-10T14:58:06.514+0000] {standard_task_runner.py:84} INFO - Running: ['***', 'tasks', 'run', '***_exam', 'transform_into_fulldata.csv', 'manual__2023-10-10T14:57:48.726608+00:00', '--job-id', '5', '--raw', '--subdir', 'DAGS_FOLDER/DAG.py', '--cfg-path', '/tmp/tmpmqh16avi']
[2023-10-10T14:58:06.522+0000] {standard_task_runner.py:85} INFO - Job 5: Subtask transform_into_fulldata.csv
[2023-10-10T14:58:06.678+0000] {warnings.py:109} WARNING - /home/***/.local/lib/python3.8/site-packages/***/settings.py:195: DeprecationWarning: The sql_alchemy_conn option in [core] has been moved to the sql_alchemy_conn option in [database] - the old setting has been used, but please update your config.
  SQL_ALCHEMY_CONN = conf.get("database", "SQL_ALCHEMY_CONN")

[2023-10-10T14:58:06.985+0000] {task_command.py:415} INFO - Running <TaskInstance: airflow_exam.transform_into_fulldata.csv manual__2023-10-10T14:57:48.726608+00:00 [running]> on host 137abce082a9
[2023-10-10T14:58:07.370+0000] {taskinstance.py:1660} INFO - Exporting env vars: AIRFLOW_CTX_DAG_OWNER='***' AIRFLOW_CTX_DAG_ID='***_exam' AIRFLOW_CTX_TASK_ID='transform_into_fulldata.csv' AIRFLOW_CTX_EXECUTION_DATE='2023-10-10T14:57:48.726608+00:00' AIRFLOW_CTX_TRY_NUMBER='1' AIRFLOW_CTX_DAG_RUN_ID='manual__2023-10-10T14:57:48.726608+00:00'
[2023-10-10T14:58:07.382+0000] {taskinstance.py:1935} ERROR - Task failed with exception
Traceback (most recent call last):
  File "/home/airflow/.local/lib/python3.8/site-packages/airflow/operators/python.py", line 192, in execute
    return_value = self.execute_callable()
  File "/home/airflow/.local/lib/python3.8/site-packages/airflow/operators/python.py", line 209, in execute_callable
    return self.python_callable(*self.op_args, **self.op_kwargs)
  File "/opt/airflow/dags/Transform.py", line 18, in transform_into_csv
    data_temp = json.load(file)
  File "/usr/local/lib/python3.8/json/__init__.py", line 293, in load
    return loads(fp.read(),
  File "/usr/local/lib/python3.8/json/__init__.py", line 357, in loads
    return _default_decoder.decode(s)
  File "/usr/local/lib/python3.8/json/decoder.py", line 340, in decode
    raise JSONDecodeError("Extra data", s, end)
json.decoder.JSONDecodeError: Extra data: line 134 column 2 (char 3106)
[2023-10-10T14:58:07.432+0000] {taskinstance.py:1398} INFO - Marking task as FAILED. dag_id=***_exam, task_id=transform_into_fulldata.csv, execution_date=20231010T145748, start_date=20231010T145806, end_date=20231010T145807
[2023-10-10T14:58:07.462+0000] {standard_task_runner.py:104} ERROR - Failed to execute job 5 for task transform_into_fulldata.csv (Extra data: line 134 column 2 (char 3106); 297)
[2023-10-10T14:58:07.536+0000] {local_task_job_runner.py:228} INFO - Task exited with return code 1
[2023-10-10T14:58:07.717+0000] {taskinstance.py:2776} INFO - 0 downstream tasks scheduled from follow-on schedule check
