[2023-10-10T20:24:04.313+0000] {taskinstance.py:1157} INFO - Dependencies all met for dep_context=non-requeueable deps ti=<TaskInstance: airflow_exam.transform_into_fulldata.csv scheduled__2023-10-10T20:23:00+00:00 [queued]>
[2023-10-10T20:24:04.318+0000] {taskinstance.py:1157} INFO - Dependencies all met for dep_context=requeueable deps ti=<TaskInstance: airflow_exam.transform_into_fulldata.csv scheduled__2023-10-10T20:23:00+00:00 [queued]>
[2023-10-10T20:24:04.318+0000] {taskinstance.py:1359} INFO - Starting attempt 1 of 1
[2023-10-10T20:24:04.327+0000] {taskinstance.py:1380} INFO - Executing <Task(PythonOperator): transform_into_fulldata.csv> on 2023-10-10 20:23:00+00:00
[2023-10-10T20:24:04.364+0000] {standard_task_runner.py:57} INFO - Started process 1647 to run task
[2023-10-10T20:24:04.368+0000] {standard_task_runner.py:84} INFO - Running: ['***', 'tasks', 'run', '***_exam', 'transform_into_fulldata.csv', 'scheduled__2023-10-10T20:23:00+00:00', '--job-id', '75', '--raw', '--subdir', 'DAGS_FOLDER/DAG.py', '--cfg-path', '/tmp/tmpe2g4tk0d']
[2023-10-10T20:24:04.370+0000] {standard_task_runner.py:85} INFO - Job 75: Subtask transform_into_fulldata.csv
[2023-10-10T20:24:04.382+0000] {warnings.py:109} WARNING - /home/***/.local/lib/python3.8/site-packages/***/settings.py:195: DeprecationWarning: The sql_alchemy_conn option in [core] has been moved to the sql_alchemy_conn option in [database] - the old setting has been used, but please update your config.
  SQL_ALCHEMY_CONN = conf.get("database", "SQL_ALCHEMY_CONN")

[2023-10-10T20:24:04.431+0000] {task_command.py:415} INFO - Running <TaskInstance: airflow_exam.transform_into_fulldata.csv scheduled__2023-10-10T20:23:00+00:00 [running]> on host 11df5857e4c6
[2023-10-10T20:24:04.488+0000] {taskinstance.py:1660} INFO - Exporting env vars: AIRFLOW_CTX_DAG_OWNER='***' AIRFLOW_CTX_DAG_ID='***_exam' AIRFLOW_CTX_TASK_ID='transform_into_fulldata.csv' AIRFLOW_CTX_EXECUTION_DATE='2023-10-10T20:23:00+00:00' AIRFLOW_CTX_TRY_NUMBER='1' AIRFLOW_CTX_DAG_RUN_ID='scheduled__2023-10-10T20:23:00+00:00'
[2023-10-10T20:24:04.511+0000] {logging_mixin.py:151} INFO -     temperature        city  pression              date
0       301.51       Paris      1019  2023-10-10_16:24
1       295.22      London      1016  2023-10-10_16:24
2       282.73  Washington      1000  2023-10-10_16:24
3       301.51       Paris      1019  2023-10-10_16:23
4       295.22      London      1016  2023-10-10_16:23
5       282.62  Washington      1000  2023-10-10_16:23
6       301.51       Paris      1019  2023-10-10_16:22
7       295.22      London      1016  2023-10-10_16:22
8       282.73  Washington      1000  2023-10-10_16:22
9       301.51       Paris      1019  2023-10-10_16:21
[2023-10-10T20:24:04.515+0000] {python.py:194} INFO - Done. Returned value was: None
[2023-10-10T20:24:04.520+0000] {taskinstance.py:1398} INFO - Marking task as SUCCESS. dag_id=***_exam, task_id=transform_into_fulldata.csv, execution_date=20231010T202300, start_date=20231010T202404, end_date=20231010T202404
[2023-10-10T20:24:04.542+0000] {local_task_job_runner.py:228} INFO - Task exited with return code 0
[2023-10-10T20:24:04.564+0000] {taskinstance.py:2776} INFO - 3 downstream tasks scheduled from follow-on schedule check
