[2023-10-10T15:19:34.271+0000] {taskinstance.py:1157} INFO - Dependencies all met for dep_context=non-requeueable deps ti=<TaskInstance: airflow_exam.transform_into_fulldata.csv manual__2023-10-10T15:19:28.091180+00:00 [queued]>
[2023-10-10T15:19:34.277+0000] {taskinstance.py:1157} INFO - Dependencies all met for dep_context=requeueable deps ti=<TaskInstance: airflow_exam.transform_into_fulldata.csv manual__2023-10-10T15:19:28.091180+00:00 [queued]>
[2023-10-10T15:19:34.278+0000] {taskinstance.py:1359} INFO - Starting attempt 1 of 1
[2023-10-10T15:19:34.287+0000] {taskinstance.py:1380} INFO - Executing <Task(PythonOperator): transform_into_fulldata.csv> on 2023-10-10 15:19:28.091180+00:00
[2023-10-10T15:19:34.294+0000] {standard_task_runner.py:57} INFO - Started process 1978 to run task
[2023-10-10T15:19:34.298+0000] {standard_task_runner.py:84} INFO - Running: ['***', 'tasks', 'run', '***_exam', 'transform_into_fulldata.csv', 'manual__2023-10-10T15:19:28.091180+00:00', '--job-id', '88', '--raw', '--subdir', 'DAGS_FOLDER/DAG.py', '--cfg-path', '/tmp/tmp8ujehhno']
[2023-10-10T15:19:34.299+0000] {standard_task_runner.py:85} INFO - Job 88: Subtask transform_into_fulldata.csv
[2023-10-10T15:19:34.309+0000] {warnings.py:109} WARNING - /home/***/.local/lib/python3.8/site-packages/***/settings.py:195: DeprecationWarning: The sql_alchemy_conn option in [core] has been moved to the sql_alchemy_conn option in [database] - the old setting has been used, but please update your config.
  SQL_ALCHEMY_CONN = conf.get("database", "SQL_ALCHEMY_CONN")

[2023-10-10T15:19:34.351+0000] {task_command.py:415} INFO - Running <TaskInstance: airflow_exam.transform_into_fulldata.csv manual__2023-10-10T15:19:28.091180+00:00 [running]> on host 137abce082a9
[2023-10-10T15:19:34.399+0000] {taskinstance.py:1660} INFO - Exporting env vars: AIRFLOW_CTX_DAG_OWNER='***' AIRFLOW_CTX_DAG_ID='***_exam' AIRFLOW_CTX_TASK_ID='transform_into_fulldata.csv' AIRFLOW_CTX_EXECUTION_DATE='2023-10-10T15:19:28.091180+00:00' AIRFLOW_CTX_TRY_NUMBER='1' AIRFLOW_CTX_DAG_RUN_ID='manual__2023-10-10T15:19:28.091180+00:00'
[2023-10-10T15:19:34.401+0000] {taskinstance.py:1935} ERROR - Task failed with exception
Traceback (most recent call last):
  File "/home/airflow/.local/lib/python3.8/site-packages/airflow/operators/python.py", line 192, in execute
    return_value = self.execute_callable()
  File "/home/airflow/.local/lib/python3.8/site-packages/airflow/operators/python.py", line 209, in execute_callable
    return self.python_callable(*self.op_args, **self.op_kwargs)
  File "/opt/airflow/dags/Transform.py", line 19, in transform_into_csv
    data_temp = json.load(file)
  File "/usr/local/lib/python3.8/json/__init__.py", line 293, in load
    return loads(fp.read(),
  File "/usr/local/lib/python3.8/json/__init__.py", line 357, in loads
    return _default_decoder.decode(s)
  File "/usr/local/lib/python3.8/json/decoder.py", line 340, in decode
    raise JSONDecodeError("Extra data", s, end)
json.decoder.JSONDecodeError: Extra data: line 134 column 2 (char 3106)
[2023-10-10T15:19:34.411+0000] {taskinstance.py:1398} INFO - Marking task as FAILED. dag_id=***_exam, task_id=transform_into_fulldata.csv, execution_date=20231010T151928, start_date=20231010T151934, end_date=20231010T151934
[2023-10-10T15:19:34.419+0000] {standard_task_runner.py:104} ERROR - Failed to execute job 88 for task transform_into_fulldata.csv (Extra data: line 134 column 2 (char 3106); 1978)
[2023-10-10T15:19:34.431+0000] {local_task_job_runner.py:228} INFO - Task exited with return code 1
[2023-10-10T15:19:34.454+0000] {taskinstance.py:2776} INFO - 0 downstream tasks scheduled from follow-on schedule check
