[2023-10-10T19:42:41.575+0000] {taskinstance.py:1157} INFO - Dependencies all met for dep_context=non-requeueable deps ti=<TaskInstance: airflow_exam.retrieve_raw_data scheduled__2023-10-10T19:41:00+00:00 [queued]>
[2023-10-10T19:42:41.581+0000] {taskinstance.py:1157} INFO - Dependencies all met for dep_context=requeueable deps ti=<TaskInstance: airflow_exam.retrieve_raw_data scheduled__2023-10-10T19:41:00+00:00 [queued]>
[2023-10-10T19:42:41.581+0000] {taskinstance.py:1359} INFO - Starting attempt 1 of 6
[2023-10-10T19:42:41.589+0000] {taskinstance.py:1380} INFO - Executing <Task(PythonOperator): retrieve_raw_data> on 2023-10-10 19:41:00+00:00
[2023-10-10T19:42:41.622+0000] {standard_task_runner.py:57} INFO - Started process 649 to run task
[2023-10-10T19:42:41.629+0000] {standard_task_runner.py:84} INFO - Running: ['***', 'tasks', 'run', '***_exam', 'retrieve_raw_data', 'scheduled__2023-10-10T19:41:00+00:00', '--job-id', '20', '--raw', '--subdir', 'DAGS_FOLDER/DAG.py', '--cfg-path', '/tmp/tmpidwkfcpp']
[2023-10-10T19:42:41.631+0000] {standard_task_runner.py:85} INFO - Job 20: Subtask retrieve_raw_data
[2023-10-10T19:42:41.647+0000] {warnings.py:109} WARNING - /home/***/.local/lib/python3.8/site-packages/***/settings.py:195: DeprecationWarning: The sql_alchemy_conn option in [core] has been moved to the sql_alchemy_conn option in [database] - the old setting has been used, but please update your config.
  SQL_ALCHEMY_CONN = conf.get("database", "SQL_ALCHEMY_CONN")

[2023-10-10T19:42:41.720+0000] {task_command.py:415} INFO - Running <TaskInstance: airflow_exam.retrieve_raw_data scheduled__2023-10-10T19:41:00+00:00 [running]> on host 1d03f982e89a
[2023-10-10T19:42:41.860+0000] {taskinstance.py:1660} INFO - Exporting env vars: AIRFLOW_CTX_DAG_OWNER='***' AIRFLOW_CTX_DAG_ID='***_exam' AIRFLOW_CTX_TASK_ID='retrieve_raw_data' AIRFLOW_CTX_EXECUTION_DATE='2023-10-10T19:41:00+00:00' AIRFLOW_CTX_TRY_NUMBER='1' AIRFLOW_CTX_DAG_RUN_ID='scheduled__2023-10-10T19:41:00+00:00'
[2023-10-10T19:42:42.424+0000] {base.py:454} INFO - Adding job tentatively -- it will be properly scheduled when the scheduler starts
[2023-10-10T19:42:42.425+0000] {base.py:895} INFO - Added job "ingest_and_schedule" to job store "default"
[2023-10-10T19:42:42.426+0000] {base.py:181} INFO - Scheduler started
[2023-10-10T19:43:42.447+0000] {base.py:123} INFO - Running job "ingest_and_schedule (trigger: interval[0:01:00], next run at: 2023-10-10 19:44:42 UTC)" (scheduled at 2023-10-10 19:43:42.423802+00:00)
[2023-10-10T19:43:43.006+0000] {base.py:454} INFO - Adding job tentatively -- it will be properly scheduled when the scheduler starts
[2023-10-10T19:43:43.007+0000] {base.py:895} INFO - Added job "ingest_and_schedule" to job store "default"
[2023-10-10T19:43:43.008+0000] {base.py:181} INFO - Scheduler started
[2023-10-10T19:44:42.445+0000] {base.py:990} WARNING - Execution of job "ingest_and_schedule (trigger: interval[0:01:00], next run at: 2023-10-10 19:44:42 UTC)" skipped: maximum number of running instances reached (1)
[2023-10-10T19:44:43.015+0000] {base.py:123} INFO - Running job "ingest_and_schedule (trigger: interval[0:01:00], next run at: 2023-10-10 19:44:43 UTC)" (scheduled at 2023-10-10 19:44:43.006019+00:00)
[2023-10-10T19:44:43.607+0000] {base.py:454} INFO - Adding job tentatively -- it will be properly scheduled when the scheduler starts
[2023-10-10T19:44:43.608+0000] {base.py:895} INFO - Added job "ingest_and_schedule" to job store "default"
[2023-10-10T19:44:43.609+0000] {base.py:181} INFO - Scheduler started
[2023-10-10T19:45:42.426+0000] {base.py:990} WARNING - Execution of job "ingest_and_schedule (trigger: interval[0:01:00], next run at: 2023-10-10 19:45:42 UTC)" skipped: maximum number of running instances reached (1)
[2023-10-10T19:45:43.007+0000] {base.py:990} WARNING - Execution of job "ingest_and_schedule (trigger: interval[0:01:00], next run at: 2023-10-10 19:45:43 UTC)" skipped: maximum number of running instances reached (1)
[2023-10-10T19:45:43.610+0000] {base.py:123} INFO - Running job "ingest_and_schedule (trigger: interval[0:01:00], next run at: 2023-10-10 19:45:43 UTC)" (scheduled at 2023-10-10 19:45:43.604805+00:00)
[2023-10-10T19:45:44.218+0000] {base.py:454} INFO - Adding job tentatively -- it will be properly scheduled when the scheduler starts
[2023-10-10T19:45:44.219+0000] {base.py:895} INFO - Added job "ingest_and_schedule" to job store "default"
[2023-10-10T19:45:44.220+0000] {base.py:181} INFO - Scheduler started
[2023-10-10T19:46:42.434+0000] {base.py:990} WARNING - Execution of job "ingest_and_schedule (trigger: interval[0:01:00], next run at: 2023-10-10 19:46:42 UTC)" skipped: maximum number of running instances reached (1)
[2023-10-10T19:46:43.007+0000] {base.py:990} WARNING - Execution of job "ingest_and_schedule (trigger: interval[0:01:00], next run at: 2023-10-10 19:46:43 UTC)" skipped: maximum number of running instances reached (1)
[2023-10-10T19:46:43.605+0000] {base.py:990} WARNING - Execution of job "ingest_and_schedule (trigger: interval[0:01:00], next run at: 2023-10-10 19:46:43 UTC)" skipped: maximum number of running instances reached (1)
[2023-10-10T19:46:44.220+0000] {base.py:123} INFO - Running job "ingest_and_schedule (trigger: interval[0:01:00], next run at: 2023-10-10 19:46:44 UTC)" (scheduled at 2023-10-10 19:46:44.217064+00:00)
[2023-10-10T19:46:44.761+0000] {base.py:454} INFO - Adding job tentatively -- it will be properly scheduled when the scheduler starts
[2023-10-10T19:46:44.763+0000] {base.py:895} INFO - Added job "ingest_and_schedule" to job store "default"
[2023-10-10T19:46:44.764+0000] {base.py:181} INFO - Scheduler started
[2023-10-10T19:47:42.442+0000] {base.py:990} WARNING - Execution of job "ingest_and_schedule (trigger: interval[0:01:00], next run at: 2023-10-10 19:47:42 UTC)" skipped: maximum number of running instances reached (1)
[2023-10-10T19:47:43.007+0000] {base.py:990} WARNING - Execution of job "ingest_and_schedule (trigger: interval[0:01:00], next run at: 2023-10-10 19:47:43 UTC)" skipped: maximum number of running instances reached (1)
[2023-10-10T19:47:43.609+0000] {base.py:990} WARNING - Execution of job "ingest_and_schedule (trigger: interval[0:01:00], next run at: 2023-10-10 19:47:43 UTC)" skipped: maximum number of running instances reached (1)
[2023-10-10T19:47:44.217+0000] {base.py:990} WARNING - Execution of job "ingest_and_schedule (trigger: interval[0:01:00], next run at: 2023-10-10 19:47:44 UTC)" skipped: maximum number of running instances reached (1)
[2023-10-10T19:47:44.770+0000] {base.py:123} INFO - Running job "ingest_and_schedule (trigger: interval[0:01:00], next run at: 2023-10-10 19:47:44 UTC)" (scheduled at 2023-10-10 19:47:44.760150+00:00)
[2023-10-10T19:47:45.283+0000] {base.py:454} INFO - Adding job tentatively -- it will be properly scheduled when the scheduler starts
[2023-10-10T19:47:45.283+0000] {base.py:895} INFO - Added job "ingest_and_schedule" to job store "default"
[2023-10-10T19:47:45.284+0000] {base.py:181} INFO - Scheduler started
[2023-10-10T19:48:42.439+0000] {base.py:990} WARNING - Execution of job "ingest_and_schedule (trigger: interval[0:01:00], next run at: 2023-10-10 19:48:42 UTC)" skipped: maximum number of running instances reached (1)
[2023-10-10T19:48:43.007+0000] {base.py:990} WARNING - Execution of job "ingest_and_schedule (trigger: interval[0:01:00], next run at: 2023-10-10 19:48:43 UTC)" skipped: maximum number of running instances reached (1)
[2023-10-10T19:48:43.606+0000] {base.py:990} WARNING - Execution of job "ingest_and_schedule (trigger: interval[0:01:00], next run at: 2023-10-10 19:48:43 UTC)" skipped: maximum number of running instances reached (1)
[2023-10-10T19:48:44.217+0000] {base.py:990} WARNING - Execution of job "ingest_and_schedule (trigger: interval[0:01:00], next run at: 2023-10-10 19:48:44 UTC)" skipped: maximum number of running instances reached (1)
[2023-10-10T19:48:44.766+0000] {base.py:990} WARNING - Execution of job "ingest_and_schedule (trigger: interval[0:01:00], next run at: 2023-10-10 19:48:44 UTC)" skipped: maximum number of running instances reached (1)
[2023-10-10T19:48:45.302+0000] {base.py:123} INFO - Running job "ingest_and_schedule (trigger: interval[0:01:00], next run at: 2023-10-10 19:49:45 UTC)" (scheduled at 2023-10-10 19:48:45.282276+00:00)
[2023-10-10T19:48:45.923+0000] {base.py:454} INFO - Adding job tentatively -- it will be properly scheduled when the scheduler starts
[2023-10-10T19:48:45.924+0000] {base.py:895} INFO - Added job "ingest_and_schedule" to job store "default"
[2023-10-10T19:48:45.924+0000] {base.py:181} INFO - Scheduler started
[2023-10-10T19:49:42.444+0000] {base.py:990} WARNING - Execution of job "ingest_and_schedule (trigger: interval[0:01:00], next run at: 2023-10-10 19:49:42 UTC)" skipped: maximum number of running instances reached (1)
[2023-10-10T19:49:43.006+0000] {base.py:990} WARNING - Execution of job "ingest_and_schedule (trigger: interval[0:01:00], next run at: 2023-10-10 19:49:43 UTC)" skipped: maximum number of running instances reached (1)
[2023-10-10T19:49:43.605+0000] {base.py:990} WARNING - Execution of job "ingest_and_schedule (trigger: interval[0:01:00], next run at: 2023-10-10 19:49:43 UTC)" skipped: maximum number of running instances reached (1)
[2023-10-10T19:49:44.217+0000] {base.py:990} WARNING - Execution of job "ingest_and_schedule (trigger: interval[0:01:00], next run at: 2023-10-10 19:49:44 UTC)" skipped: maximum number of running instances reached (1)
[2023-10-10T19:49:44.762+0000] {base.py:990} WARNING - Execution of job "ingest_and_schedule (trigger: interval[0:01:00], next run at: 2023-10-10 19:49:44 UTC)" skipped: maximum number of running instances reached (1)
[2023-10-10T19:49:45.284+0000] {base.py:990} WARNING - Execution of job "ingest_and_schedule (trigger: interval[0:01:00], next run at: 2023-10-10 19:49:45 UTC)" skipped: maximum number of running instances reached (1)
[2023-10-10T19:49:45.927+0000] {base.py:123} INFO - Running job "ingest_and_schedule (trigger: interval[0:01:00], next run at: 2023-10-10 19:49:45 UTC)" (scheduled at 2023-10-10 19:49:45.922542+00:00)
[2023-10-10T19:49:46.463+0000] {base.py:454} INFO - Adding job tentatively -- it will be properly scheduled when the scheduler starts
[2023-10-10T19:49:46.464+0000] {base.py:895} INFO - Added job "ingest_and_schedule" to job store "default"
[2023-10-10T19:49:46.464+0000] {base.py:181} INFO - Scheduler started
[2023-10-10T19:50:42.435+0000] {base.py:990} WARNING - Execution of job "ingest_and_schedule (trigger: interval[0:01:00], next run at: 2023-10-10 19:50:42 UTC)" skipped: maximum number of running instances reached (1)
[2023-10-10T19:50:43.009+0000] {base.py:990} WARNING - Execution of job "ingest_and_schedule (trigger: interval[0:01:00], next run at: 2023-10-10 19:50:43 UTC)" skipped: maximum number of running instances reached (1)
[2023-10-10T19:50:43.605+0000] {base.py:990} WARNING - Execution of job "ingest_and_schedule (trigger: interval[0:01:00], next run at: 2023-10-10 19:50:43 UTC)" skipped: maximum number of running instances reached (1)
[2023-10-10T19:50:44.219+0000] {base.py:990} WARNING - Execution of job "ingest_and_schedule (trigger: interval[0:01:00], next run at: 2023-10-10 19:50:44 UTC)" skipped: maximum number of running instances reached (1)
[2023-10-10T19:50:44.762+0000] {base.py:990} WARNING - Execution of job "ingest_and_schedule (trigger: interval[0:01:00], next run at: 2023-10-10 19:50:44 UTC)" skipped: maximum number of running instances reached (1)
[2023-10-10T19:50:45.282+0000] {base.py:990} WARNING - Execution of job "ingest_and_schedule (trigger: interval[0:01:00], next run at: 2023-10-10 19:50:45 UTC)" skipped: maximum number of running instances reached (1)
[2023-10-10T19:50:45.926+0000] {base.py:990} WARNING - Execution of job "ingest_and_schedule (trigger: interval[0:01:00], next run at: 2023-10-10 19:50:45 UTC)" skipped: maximum number of running instances reached (1)
[2023-10-10T19:50:46.468+0000] {base.py:123} INFO - Running job "ingest_and_schedule (trigger: interval[0:01:00], next run at: 2023-10-10 19:50:46 UTC)" (scheduled at 2023-10-10 19:50:46.463216+00:00)
[2023-10-10T19:50:47.026+0000] {base.py:454} INFO - Adding job tentatively -- it will be properly scheduled when the scheduler starts
[2023-10-10T19:50:47.027+0000] {base.py:895} INFO - Added job "ingest_and_schedule" to job store "default"
[2023-10-10T19:50:47.027+0000] {base.py:181} INFO - Scheduler started
[2023-10-10T19:51:42.434+0000] {base.py:990} WARNING - Execution of job "ingest_and_schedule (trigger: interval[0:01:00], next run at: 2023-10-10 19:51:42 UTC)" skipped: maximum number of running instances reached (1)
[2023-10-10T19:51:43.007+0000] {base.py:990} WARNING - Execution of job "ingest_and_schedule (trigger: interval[0:01:00], next run at: 2023-10-10 19:51:43 UTC)" skipped: maximum number of running instances reached (1)
[2023-10-10T19:51:43.606+0000] {base.py:990} WARNING - Execution of job "ingest_and_schedule (trigger: interval[0:01:00], next run at: 2023-10-10 19:51:43 UTC)" skipped: maximum number of running instances reached (1)
[2023-10-10T19:51:44.220+0000] {base.py:990} WARNING - Execution of job "ingest_and_schedule (trigger: interval[0:01:00], next run at: 2023-10-10 19:51:44 UTC)" skipped: maximum number of running instances reached (1)
[2023-10-10T19:51:44.765+0000] {base.py:990} WARNING - Execution of job "ingest_and_schedule (trigger: interval[0:01:00], next run at: 2023-10-10 19:51:44 UTC)" skipped: maximum number of running instances reached (1)
[2023-10-10T19:51:45.284+0000] {base.py:990} WARNING - Execution of job "ingest_and_schedule (trigger: interval[0:01:00], next run at: 2023-10-10 19:51:45 UTC)" skipped: maximum number of running instances reached (1)
[2023-10-10T19:51:45.924+0000] {base.py:990} WARNING - Execution of job "ingest_and_schedule (trigger: interval[0:01:00], next run at: 2023-10-10 19:51:45 UTC)" skipped: maximum number of running instances reached (1)
[2023-10-10T19:51:46.464+0000] {base.py:990} WARNING - Execution of job "ingest_and_schedule (trigger: interval[0:01:00], next run at: 2023-10-10 19:51:46 UTC)" skipped: maximum number of running instances reached (1)
[2023-10-10T19:51:47.036+0000] {base.py:123} INFO - Running job "ingest_and_schedule (trigger: interval[0:01:00], next run at: 2023-10-10 19:52:47 UTC)" (scheduled at 2023-10-10 19:51:47.025597+00:00)
[2023-10-10T19:51:47.640+0000] {base.py:454} INFO - Adding job tentatively -- it will be properly scheduled when the scheduler starts
[2023-10-10T19:51:47.642+0000] {base.py:895} INFO - Added job "ingest_and_schedule" to job store "default"
[2023-10-10T19:51:47.642+0000] {base.py:181} INFO - Scheduler started
[2023-10-10T19:52:42.427+0000] {base.py:990} WARNING - Execution of job "ingest_and_schedule (trigger: interval[0:01:00], next run at: 2023-10-10 19:52:42 UTC)" skipped: maximum number of running instances reached (1)
[2023-10-10T19:52:43.010+0000] {base.py:990} WARNING - Execution of job "ingest_and_schedule (trigger: interval[0:01:00], next run at: 2023-10-10 19:52:43 UTC)" skipped: maximum number of running instances reached (1)
[2023-10-10T19:52:43.607+0000] {base.py:990} WARNING - Execution of job "ingest_and_schedule (trigger: interval[0:01:00], next run at: 2023-10-10 19:52:43 UTC)" skipped: maximum number of running instances reached (1)
[2023-10-10T19:52:44.218+0000] {base.py:990} WARNING - Execution of job "ingest_and_schedule (trigger: interval[0:01:00], next run at: 2023-10-10 19:52:44 UTC)" skipped: maximum number of running instances reached (1)
[2023-10-10T19:52:44.767+0000] {base.py:990} WARNING - Execution of job "ingest_and_schedule (trigger: interval[0:01:00], next run at: 2023-10-10 19:52:44 UTC)" skipped: maximum number of running instances reached (1)
[2023-10-10T19:52:45.283+0000] {base.py:990} WARNING - Execution of job "ingest_and_schedule (trigger: interval[0:01:00], next run at: 2023-10-10 19:52:45 UTC)" skipped: maximum number of running instances reached (1)
[2023-10-10T19:52:45.923+0000] {base.py:990} WARNING - Execution of job "ingest_and_schedule (trigger: interval[0:01:00], next run at: 2023-10-10 19:52:45 UTC)" skipped: maximum number of running instances reached (1)
[2023-10-10T19:52:46.464+0000] {base.py:990} WARNING - Execution of job "ingest_and_schedule (trigger: interval[0:01:00], next run at: 2023-10-10 19:52:46 UTC)" skipped: maximum number of running instances reached (1)
[2023-10-10T19:52:47.026+0000] {base.py:990} WARNING - Execution of job "ingest_and_schedule (trigger: interval[0:01:00], next run at: 2023-10-10 19:52:47 UTC)" skipped: maximum number of running instances reached (1)
[2023-10-10T19:52:47.643+0000] {base.py:123} INFO - Running job "ingest_and_schedule (trigger: interval[0:01:00], next run at: 2023-10-10 19:52:47 UTC)" (scheduled at 2023-10-10 19:52:47.639219+00:00)
[2023-10-10T19:52:48.198+0000] {base.py:454} INFO - Adding job tentatively -- it will be properly scheduled when the scheduler starts
[2023-10-10T19:52:48.200+0000] {base.py:895} INFO - Added job "ingest_and_schedule" to job store "default"
[2023-10-10T19:52:48.200+0000] {base.py:181} INFO - Scheduler started
[2023-10-10T19:53:42.428+0000] {base.py:990} WARNING - Execution of job "ingest_and_schedule (trigger: interval[0:01:00], next run at: 2023-10-10 19:53:42 UTC)" skipped: maximum number of running instances reached (1)
[2023-10-10T19:53:43.011+0000] {base.py:990} WARNING - Execution of job "ingest_and_schedule (trigger: interval[0:01:00], next run at: 2023-10-10 19:53:43 UTC)" skipped: maximum number of running instances reached (1)
[2023-10-10T19:53:43.605+0000] {base.py:990} WARNING - Execution of job "ingest_and_schedule (trigger: interval[0:01:00], next run at: 2023-10-10 19:53:43 UTC)" skipped: maximum number of running instances reached (1)
[2023-10-10T19:53:44.219+0000] {base.py:990} WARNING - Execution of job "ingest_and_schedule (trigger: interval[0:01:00], next run at: 2023-10-10 19:53:44 UTC)" skipped: maximum number of running instances reached (1)
[2023-10-10T19:53:44.762+0000] {base.py:990} WARNING - Execution of job "ingest_and_schedule (trigger: interval[0:01:00], next run at: 2023-10-10 19:53:44 UTC)" skipped: maximum number of running instances reached (1)
[2023-10-10T19:53:45.284+0000] {base.py:990} WARNING - Execution of job "ingest_and_schedule (trigger: interval[0:01:00], next run at: 2023-10-10 19:53:45 UTC)" skipped: maximum number of running instances reached (1)
[2023-10-10T19:53:45.923+0000] {base.py:990} WARNING - Execution of job "ingest_and_schedule (trigger: interval[0:01:00], next run at: 2023-10-10 19:53:45 UTC)" skipped: maximum number of running instances reached (1)
[2023-10-10T19:53:46.469+0000] {base.py:990} WARNING - Execution of job "ingest_and_schedule (trigger: interval[0:01:00], next run at: 2023-10-10 19:53:46 UTC)" skipped: maximum number of running instances reached (1)
[2023-10-10T19:53:47.038+0000] {base.py:990} WARNING - Execution of job "ingest_and_schedule (trigger: interval[0:01:00], next run at: 2023-10-10 19:53:47 UTC)" skipped: maximum number of running instances reached (1)
[2023-10-10T19:53:47.642+0000] {base.py:990} WARNING - Execution of job "ingest_and_schedule (trigger: interval[0:01:00], next run at: 2023-10-10 19:53:47 UTC)" skipped: maximum number of running instances reached (1)
[2023-10-10T19:53:48.200+0000] {base.py:123} INFO - Running job "ingest_and_schedule (trigger: interval[0:01:00], next run at: 2023-10-10 19:53:48 UTC)" (scheduled at 2023-10-10 19:53:48.196840+00:00)
[2023-10-10T19:53:48.881+0000] {base.py:454} INFO - Adding job tentatively -- it will be properly scheduled when the scheduler starts
[2023-10-10T19:53:48.884+0000] {base.py:895} INFO - Added job "ingest_and_schedule" to job store "default"
[2023-10-10T19:53:48.884+0000] {base.py:181} INFO - Scheduler started
[2023-10-10T19:54:42.437+0000] {base.py:990} WARNING - Execution of job "ingest_and_schedule (trigger: interval[0:01:00], next run at: 2023-10-10 19:54:42 UTC)" skipped: maximum number of running instances reached (1)
[2023-10-10T19:54:43.010+0000] {base.py:990} WARNING - Execution of job "ingest_and_schedule (trigger: interval[0:01:00], next run at: 2023-10-10 19:54:43 UTC)" skipped: maximum number of running instances reached (1)
[2023-10-10T19:54:43.606+0000] {base.py:990} WARNING - Execution of job "ingest_and_schedule (trigger: interval[0:01:00], next run at: 2023-10-10 19:54:43 UTC)" skipped: maximum number of running instances reached (1)
[2023-10-10T19:54:44.218+0000] {base.py:990} WARNING - Execution of job "ingest_and_schedule (trigger: interval[0:01:00], next run at: 2023-10-10 19:54:44 UTC)" skipped: maximum number of running instances reached (1)
[2023-10-10T19:54:44.760+0000] {base.py:990} WARNING - Execution of job "ingest_and_schedule (trigger: interval[0:01:00], next run at: 2023-10-10 19:54:44 UTC)" skipped: maximum number of running instances reached (1)
[2023-10-10T19:54:45.283+0000] {base.py:990} WARNING - Execution of job "ingest_and_schedule (trigger: interval[0:01:00], next run at: 2023-10-10 19:54:45 UTC)" skipped: maximum number of running instances reached (1)
[2023-10-10T19:54:45.923+0000] {base.py:990} WARNING - Execution of job "ingest_and_schedule (trigger: interval[0:01:00], next run at: 2023-10-10 19:54:45 UTC)" skipped: maximum number of running instances reached (1)
[2023-10-10T19:54:46.469+0000] {base.py:990} WARNING - Execution of job "ingest_and_schedule (trigger: interval[0:01:00], next run at: 2023-10-10 19:54:46 UTC)" skipped: maximum number of running instances reached (1)
[2023-10-10T19:54:47.026+0000] {base.py:990} WARNING - Execution of job "ingest_and_schedule (trigger: interval[0:01:00], next run at: 2023-10-10 19:54:47 UTC)" skipped: maximum number of running instances reached (1)
[2023-10-10T19:54:47.641+0000] {base.py:990} WARNING - Execution of job "ingest_and_schedule (trigger: interval[0:01:00], next run at: 2023-10-10 19:54:47 UTC)" skipped: maximum number of running instances reached (1)
[2023-10-10T19:54:48.197+0000] {base.py:990} WARNING - Execution of job "ingest_and_schedule (trigger: interval[0:01:00], next run at: 2023-10-10 19:54:48 UTC)" skipped: maximum number of running instances reached (1)
[2023-10-10T19:54:48.889+0000] {base.py:123} INFO - Running job "ingest_and_schedule (trigger: interval[0:01:00], next run at: 2023-10-10 19:54:48 UTC)" (scheduled at 2023-10-10 19:54:48.880580+00:00)
[2023-10-10T19:54:49.585+0000] {base.py:454} INFO - Adding job tentatively -- it will be properly scheduled when the scheduler starts
[2023-10-10T19:54:49.588+0000] {base.py:895} INFO - Added job "ingest_and_schedule" to job store "default"
[2023-10-10T19:54:49.588+0000] {base.py:181} INFO - Scheduler started
[2023-10-10T19:55:42.436+0000] {base.py:990} WARNING - Execution of job "ingest_and_schedule (trigger: interval[0:01:00], next run at: 2023-10-10 19:55:42 UTC)" skipped: maximum number of running instances reached (1)
[2023-10-10T19:55:43.011+0000] {base.py:990} WARNING - Execution of job "ingest_and_schedule (trigger: interval[0:01:00], next run at: 2023-10-10 19:55:43 UTC)" skipped: maximum number of running instances reached (1)
[2023-10-10T19:55:43.606+0000] {base.py:990} WARNING - Execution of job "ingest_and_schedule (trigger: interval[0:01:00], next run at: 2023-10-10 19:55:43 UTC)" skipped: maximum number of running instances reached (1)
[2023-10-10T19:55:44.217+0000] {base.py:990} WARNING - Execution of job "ingest_and_schedule (trigger: interval[0:01:00], next run at: 2023-10-10 19:55:44 UTC)" skipped: maximum number of running instances reached (1)
[2023-10-10T19:55:44.766+0000] {base.py:990} WARNING - Execution of job "ingest_and_schedule (trigger: interval[0:01:00], next run at: 2023-10-10 19:55:44 UTC)" skipped: maximum number of running instances reached (1)
[2023-10-10T19:55:45.285+0000] {base.py:990} WARNING - Execution of job "ingest_and_schedule (trigger: interval[0:01:00], next run at: 2023-10-10 19:55:45 UTC)" skipped: maximum number of running instances reached (1)
[2023-10-10T19:55:45.923+0000] {base.py:990} WARNING - Execution of job "ingest_and_schedule (trigger: interval[0:01:00], next run at: 2023-10-10 19:55:45 UTC)" skipped: maximum number of running instances reached (1)
[2023-10-10T19:55:46.464+0000] {base.py:990} WARNING - Execution of job "ingest_and_schedule (trigger: interval[0:01:00], next run at: 2023-10-10 19:55:46 UTC)" skipped: maximum number of running instances reached (1)
[2023-10-10T19:55:47.027+0000] {base.py:990} WARNING - Execution of job "ingest_and_schedule (trigger: interval[0:01:00], next run at: 2023-10-10 19:55:47 UTC)" skipped: maximum number of running instances reached (1)
[2023-10-10T19:55:47.640+0000] {base.py:990} WARNING - Execution of job "ingest_and_schedule (trigger: interval[0:01:00], next run at: 2023-10-10 19:55:47 UTC)" skipped: maximum number of running instances reached (1)
[2023-10-10T19:55:48.207+0000] {base.py:990} WARNING - Execution of job "ingest_and_schedule (trigger: interval[0:01:00], next run at: 2023-10-10 19:55:48 UTC)" skipped: maximum number of running instances reached (1)
[2023-10-10T19:55:48.882+0000] {base.py:990} WARNING - Execution of job "ingest_and_schedule (trigger: interval[0:01:00], next run at: 2023-10-10 19:55:48 UTC)" skipped: maximum number of running instances reached (1)
[2023-10-10T19:55:49.587+0000] {base.py:123} INFO - Running job "ingest_and_schedule (trigger: interval[0:01:00], next run at: 2023-10-10 19:56:49 UTC)" (scheduled at 2023-10-10 19:55:49.583865+00:00)
[2023-10-10T19:55:50.279+0000] {base.py:454} INFO - Adding job tentatively -- it will be properly scheduled when the scheduler starts
[2023-10-10T19:55:50.281+0000] {base.py:895} INFO - Added job "ingest_and_schedule" to job store "default"
[2023-10-10T19:55:50.281+0000] {base.py:181} INFO - Scheduler started
[2023-10-10T19:56:42.428+0000] {base.py:990} WARNING - Execution of job "ingest_and_schedule (trigger: interval[0:01:00], next run at: 2023-10-10 19:56:42 UTC)" skipped: maximum number of running instances reached (1)
[2023-10-10T19:56:43.011+0000] {base.py:990} WARNING - Execution of job "ingest_and_schedule (trigger: interval[0:01:00], next run at: 2023-10-10 19:56:43 UTC)" skipped: maximum number of running instances reached (1)
[2023-10-10T19:56:43.608+0000] {base.py:990} WARNING - Execution of job "ingest_and_schedule (trigger: interval[0:01:00], next run at: 2023-10-10 19:56:43 UTC)" skipped: maximum number of running instances reached (1)
[2023-10-10T19:56:44.219+0000] {base.py:990} WARNING - Execution of job "ingest_and_schedule (trigger: interval[0:01:00], next run at: 2023-10-10 19:56:44 UTC)" skipped: maximum number of running instances reached (1)
[2023-10-10T19:56:44.760+0000] {base.py:990} WARNING - Execution of job "ingest_and_schedule (trigger: interval[0:01:00], next run at: 2023-10-10 19:56:44 UTC)" skipped: maximum number of running instances reached (1)
[2023-10-10T19:56:45.284+0000] {base.py:990} WARNING - Execution of job "ingest_and_schedule (trigger: interval[0:01:00], next run at: 2023-10-10 19:56:45 UTC)" skipped: maximum number of running instances reached (1)
[2023-10-10T19:56:45.924+0000] {base.py:990} WARNING - Execution of job "ingest_and_schedule (trigger: interval[0:01:00], next run at: 2023-10-10 19:56:45 UTC)" skipped: maximum number of running instances reached (1)
[2023-10-10T19:56:46.464+0000] {base.py:990} WARNING - Execution of job "ingest_and_schedule (trigger: interval[0:01:00], next run at: 2023-10-10 19:56:46 UTC)" skipped: maximum number of running instances reached (1)
[2023-10-10T19:56:47.028+0000] {base.py:990} WARNING - Execution of job "ingest_and_schedule (trigger: interval[0:01:00], next run at: 2023-10-10 19:56:47 UTC)" skipped: maximum number of running instances reached (1)
[2023-10-10T19:56:47.641+0000] {base.py:990} WARNING - Execution of job "ingest_and_schedule (trigger: interval[0:01:00], next run at: 2023-10-10 19:56:47 UTC)" skipped: maximum number of running instances reached (1)
[2023-10-10T19:56:48.197+0000] {base.py:990} WARNING - Execution of job "ingest_and_schedule (trigger: interval[0:01:00], next run at: 2023-10-10 19:56:48 UTC)" skipped: maximum number of running instances reached (1)
[2023-10-10T19:56:48.885+0000] {base.py:990} WARNING - Execution of job "ingest_and_schedule (trigger: interval[0:01:00], next run at: 2023-10-10 19:56:48 UTC)" skipped: maximum number of running instances reached (1)
[2023-10-10T19:56:49.588+0000] {base.py:990} WARNING - Execution of job "ingest_and_schedule (trigger: interval[0:01:00], next run at: 2023-10-10 19:56:49 UTC)" skipped: maximum number of running instances reached (1)
[2023-10-10T19:56:50.288+0000] {base.py:123} INFO - Running job "ingest_and_schedule (trigger: interval[0:01:00], next run at: 2023-10-10 19:56:50 UTC)" (scheduled at 2023-10-10 19:56:50.278892+00:00)
[2023-10-10T19:56:50.908+0000] {base.py:454} INFO - Adding job tentatively -- it will be properly scheduled when the scheduler starts
[2023-10-10T19:56:50.911+0000] {base.py:895} INFO - Added job "ingest_and_schedule" to job store "default"
[2023-10-10T19:56:50.915+0000] {base.py:181} INFO - Scheduler started
[2023-10-10T19:57:42.435+0000] {base.py:990} WARNING - Execution of job "ingest_and_schedule (trigger: interval[0:01:00], next run at: 2023-10-10 19:57:42 UTC)" skipped: maximum number of running instances reached (1)
[2023-10-10T19:57:43.009+0000] {base.py:990} WARNING - Execution of job "ingest_and_schedule (trigger: interval[0:01:00], next run at: 2023-10-10 19:57:43 UTC)" skipped: maximum number of running instances reached (1)
[2023-10-10T19:57:43.606+0000] {base.py:990} WARNING - Execution of job "ingest_and_schedule (trigger: interval[0:01:00], next run at: 2023-10-10 19:57:43 UTC)" skipped: maximum number of running instances reached (1)
[2023-10-10T19:57:44.218+0000] {base.py:990} WARNING - Execution of job "ingest_and_schedule (trigger: interval[0:01:00], next run at: 2023-10-10 19:57:44 UTC)" skipped: maximum number of running instances reached (1)
[2023-10-10T19:57:44.764+0000] {base.py:990} WARNING - Execution of job "ingest_and_schedule (trigger: interval[0:01:00], next run at: 2023-10-10 19:57:44 UTC)" skipped: maximum number of running instances reached (1)
[2023-10-10T19:57:45.287+0000] {base.py:990} WARNING - Execution of job "ingest_and_schedule (trigger: interval[0:01:00], next run at: 2023-10-10 19:57:45 UTC)" skipped: maximum number of running instances reached (1)
[2023-10-10T19:57:45.925+0000] {base.py:990} WARNING - Execution of job "ingest_and_schedule (trigger: interval[0:01:00], next run at: 2023-10-10 19:57:45 UTC)" skipped: maximum number of running instances reached (1)
[2023-10-10T19:57:46.463+0000] {base.py:990} WARNING - Execution of job "ingest_and_schedule (trigger: interval[0:01:00], next run at: 2023-10-10 19:57:46 UTC)" skipped: maximum number of running instances reached (1)
[2023-10-10T19:57:47.026+0000] {base.py:990} WARNING - Execution of job "ingest_and_schedule (trigger: interval[0:01:00], next run at: 2023-10-10 19:57:47 UTC)" skipped: maximum number of running instances reached (1)
[2023-10-10T19:57:47.643+0000] {base.py:990} WARNING - Execution of job "ingest_and_schedule (trigger: interval[0:01:00], next run at: 2023-10-10 19:57:47 UTC)" skipped: maximum number of running instances reached (1)
[2023-10-10T19:57:48.201+0000] {base.py:990} WARNING - Execution of job "ingest_and_schedule (trigger: interval[0:01:00], next run at: 2023-10-10 19:57:48 UTC)" skipped: maximum number of running instances reached (1)
[2023-10-10T19:57:48.883+0000] {base.py:990} WARNING - Execution of job "ingest_and_schedule (trigger: interval[0:01:00], next run at: 2023-10-10 19:57:48 UTC)" skipped: maximum number of running instances reached (1)
[2023-10-10T19:57:49.584+0000] {base.py:990} WARNING - Execution of job "ingest_and_schedule (trigger: interval[0:01:00], next run at: 2023-10-10 19:57:49 UTC)" skipped: maximum number of running instances reached (1)
[2023-10-10T19:57:50.281+0000] {base.py:990} WARNING - Execution of job "ingest_and_schedule (trigger: interval[0:01:00], next run at: 2023-10-10 19:57:50 UTC)" skipped: maximum number of running instances reached (1)
[2023-10-10T19:57:50.918+0000] {base.py:123} INFO - Running job "ingest_and_schedule (trigger: interval[0:01:00], next run at: 2023-10-10 19:57:50 UTC)" (scheduled at 2023-10-10 19:57:50.907653+00:00)
[2023-10-10T19:57:51.611+0000] {base.py:454} INFO - Adding job tentatively -- it will be properly scheduled when the scheduler starts
[2023-10-10T19:57:51.614+0000] {base.py:895} INFO - Added job "ingest_and_schedule" to job store "default"
[2023-10-10T19:57:51.615+0000] {base.py:181} INFO - Scheduler started
[2023-10-10T19:58:42.429+0000] {base.py:990} WARNING - Execution of job "ingest_and_schedule (trigger: interval[0:01:00], next run at: 2023-10-10 19:58:42 UTC)" skipped: maximum number of running instances reached (1)
[2023-10-10T19:58:43.006+0000] {base.py:990} WARNING - Execution of job "ingest_and_schedule (trigger: interval[0:01:00], next run at: 2023-10-10 19:58:43 UTC)" skipped: maximum number of running instances reached (1)
[2023-10-10T19:58:43.606+0000] {base.py:990} WARNING - Execution of job "ingest_and_schedule (trigger: interval[0:01:00], next run at: 2023-10-10 19:58:43 UTC)" skipped: maximum number of running instances reached (1)
[2023-10-10T19:58:44.218+0000] {base.py:990} WARNING - Execution of job "ingest_and_schedule (trigger: interval[0:01:00], next run at: 2023-10-10 19:58:44 UTC)" skipped: maximum number of running instances reached (1)
[2023-10-10T19:58:44.764+0000] {base.py:990} WARNING - Execution of job "ingest_and_schedule (trigger: interval[0:01:00], next run at: 2023-10-10 19:58:44 UTC)" skipped: maximum number of running instances reached (1)
[2023-10-10T19:58:45.287+0000] {base.py:990} WARNING - Execution of job "ingest_and_schedule (trigger: interval[0:01:00], next run at: 2023-10-10 19:58:45 UTC)" skipped: maximum number of running instances reached (1)
[2023-10-10T19:58:45.929+0000] {base.py:990} WARNING - Execution of job "ingest_and_schedule (trigger: interval[0:01:00], next run at: 2023-10-10 19:58:45 UTC)" skipped: maximum number of running instances reached (1)
[2023-10-10T19:58:46.465+0000] {base.py:990} WARNING - Execution of job "ingest_and_schedule (trigger: interval[0:01:00], next run at: 2023-10-10 19:58:46 UTC)" skipped: maximum number of running instances reached (1)
[2023-10-10T19:58:47.027+0000] {base.py:990} WARNING - Execution of job "ingest_and_schedule (trigger: interval[0:01:00], next run at: 2023-10-10 19:58:47 UTC)" skipped: maximum number of running instances reached (1)
[2023-10-10T19:58:47.639+0000] {base.py:990} WARNING - Execution of job "ingest_and_schedule (trigger: interval[0:01:00], next run at: 2023-10-10 19:58:47 UTC)" skipped: maximum number of running instances reached (1)
[2023-10-10T19:58:48.197+0000] {base.py:990} WARNING - Execution of job "ingest_and_schedule (trigger: interval[0:01:00], next run at: 2023-10-10 19:58:48 UTC)" skipped: maximum number of running instances reached (1)
[2023-10-10T19:58:48.883+0000] {base.py:990} WARNING - Execution of job "ingest_and_schedule (trigger: interval[0:01:00], next run at: 2023-10-10 19:58:48 UTC)" skipped: maximum number of running instances reached (1)
[2023-10-10T19:58:49.585+0000] {base.py:990} WARNING - Execution of job "ingest_and_schedule (trigger: interval[0:01:00], next run at: 2023-10-10 19:58:49 UTC)" skipped: maximum number of running instances reached (1)
[2023-10-10T19:58:50.279+0000] {base.py:990} WARNING - Execution of job "ingest_and_schedule (trigger: interval[0:01:00], next run at: 2023-10-10 19:58:50 UTC)" skipped: maximum number of running instances reached (1)
[2023-10-10T19:58:50.910+0000] {base.py:990} WARNING - Execution of job "ingest_and_schedule (trigger: interval[0:01:00], next run at: 2023-10-10 19:58:50 UTC)" skipped: maximum number of running instances reached (1)
[2023-10-10T19:58:51.612+0000] {base.py:123} INFO - Running job "ingest_and_schedule (trigger: interval[0:01:00], next run at: 2023-10-10 19:58:51 UTC)" (scheduled at 2023-10-10 19:58:51.610899+00:00)
[2023-10-10T19:58:52.247+0000] {base.py:454} INFO - Adding job tentatively -- it will be properly scheduled when the scheduler starts
[2023-10-10T19:58:52.249+0000] {base.py:895} INFO - Added job "ingest_and_schedule" to job store "default"
[2023-10-10T19:58:52.249+0000] {base.py:181} INFO - Scheduler started
[2023-10-10T19:59:42.428+0000] {base.py:990} WARNING - Execution of job "ingest_and_schedule (trigger: interval[0:01:00], next run at: 2023-10-10 19:59:42 UTC)" skipped: maximum number of running instances reached (1)
[2023-10-10T19:59:43.010+0000] {base.py:990} WARNING - Execution of job "ingest_and_schedule (trigger: interval[0:01:00], next run at: 2023-10-10 19:59:43 UTC)" skipped: maximum number of running instances reached (1)
[2023-10-10T19:59:43.609+0000] {base.py:990} WARNING - Execution of job "ingest_and_schedule (trigger: interval[0:01:00], next run at: 2023-10-10 19:59:43 UTC)" skipped: maximum number of running instances reached (1)
[2023-10-10T19:59:44.219+0000] {base.py:990} WARNING - Execution of job "ingest_and_schedule (trigger: interval[0:01:00], next run at: 2023-10-10 19:59:44 UTC)" skipped: maximum number of running instances reached (1)
[2023-10-10T19:59:44.765+0000] {base.py:990} WARNING - Execution of job "ingest_and_schedule (trigger: interval[0:01:00], next run at: 2023-10-10 19:59:44 UTC)" skipped: maximum number of running instances reached (1)
[2023-10-10T19:59:45.283+0000] {base.py:990} WARNING - Execution of job "ingest_and_schedule (trigger: interval[0:01:00], next run at: 2023-10-10 19:59:45 UTC)" skipped: maximum number of running instances reached (1)
[2023-10-10T19:59:45.925+0000] {base.py:990} WARNING - Execution of job "ingest_and_schedule (trigger: interval[0:01:00], next run at: 2023-10-10 19:59:45 UTC)" skipped: maximum number of running instances reached (1)
[2023-10-10T19:59:46.472+0000] {base.py:990} WARNING - Execution of job "ingest_and_schedule (trigger: interval[0:01:00], next run at: 2023-10-10 19:59:46 UTC)" skipped: maximum number of running instances reached (1)
[2023-10-10T19:59:47.027+0000] {base.py:990} WARNING - Execution of job "ingest_and_schedule (trigger: interval[0:01:00], next run at: 2023-10-10 19:59:47 UTC)" skipped: maximum number of running instances reached (1)
[2023-10-10T19:59:47.639+0000] {base.py:990} WARNING - Execution of job "ingest_and_schedule (trigger: interval[0:01:00], next run at: 2023-10-10 19:59:47 UTC)" skipped: maximum number of running instances reached (1)
[2023-10-10T19:59:48.200+0000] {base.py:990} WARNING - Execution of job "ingest_and_schedule (trigger: interval[0:01:00], next run at: 2023-10-10 19:59:48 UTC)" skipped: maximum number of running instances reached (1)
[2023-10-10T19:59:48.884+0000] {base.py:990} WARNING - Execution of job "ingest_and_schedule (trigger: interval[0:01:00], next run at: 2023-10-10 19:59:48 UTC)" skipped: maximum number of running instances reached (1)
[2023-10-10T19:59:49.585+0000] {base.py:990} WARNING - Execution of job "ingest_and_schedule (trigger: interval[0:01:00], next run at: 2023-10-10 19:59:49 UTC)" skipped: maximum number of running instances reached (1)
[2023-10-10T19:59:50.281+0000] {base.py:990} WARNING - Execution of job "ingest_and_schedule (trigger: interval[0:01:00], next run at: 2023-10-10 19:59:50 UTC)" skipped: maximum number of running instances reached (1)
[2023-10-10T19:59:50.908+0000] {base.py:990} WARNING - Execution of job "ingest_and_schedule (trigger: interval[0:01:00], next run at: 2023-10-10 19:59:50 UTC)" skipped: maximum number of running instances reached (1)
[2023-10-10T19:59:51.616+0000] {base.py:990} WARNING - Execution of job "ingest_and_schedule (trigger: interval[0:01:00], next run at: 2023-10-10 19:59:51 UTC)" skipped: maximum number of running instances reached (1)
[2023-10-10T19:59:52.256+0000] {base.py:123} INFO - Running job "ingest_and_schedule (trigger: interval[0:01:00], next run at: 2023-10-10 20:00:52 UTC)" (scheduled at 2023-10-10 19:59:52.246737+00:00)
[2023-10-10T19:59:52.926+0000] {base.py:454} INFO - Adding job tentatively -- it will be properly scheduled when the scheduler starts
[2023-10-10T19:59:52.930+0000] {base.py:895} INFO - Added job "ingest_and_schedule" to job store "default"
[2023-10-10T19:59:52.931+0000] {base.py:181} INFO - Scheduler started
[2023-10-10T19:59:56.350+0000] {local_task_job_runner.py:115} ERROR - Received SIGTERM. Terminating subprocesses
[2023-10-10T19:59:56.756+0000] {process_utils.py:131} INFO - Sending 15 to group 649. PIDs of all processes in the group: [649]
[2023-10-10T19:59:56.794+0000] {process_utils.py:86} INFO - Sending the signal 15 to group 649
[2023-10-10T19:59:56.806+0000] {taskinstance.py:1630} ERROR - Received SIGTERM. Terminating subprocesses.
[2023-10-10T19:59:57.106+0000] {taskinstance.py:1935} ERROR - Task failed with exception
Traceback (most recent call last):
  File "/home/airflow/.local/lib/python3.8/site-packages/airflow/operators/python.py", line 192, in execute
    return_value = self.execute_callable()
  File "/home/airflow/.local/lib/python3.8/site-packages/airflow/operators/python.py", line 209, in execute_callable
    return self.python_callable(*self.op_args, **self.op_kwargs)
  File "/opt/airflow/dags/data_ingestion.py", line 50, in ingest_and_schedule
    scheduler = BlockingScheduler()
  File "/home/airflow/.local/lib/python3.8/site-packages/apscheduler/schedulers/blocking.py", line 21, in start
    self._main_loop()
  File "/home/airflow/.local/lib/python3.8/site-packages/apscheduler/schedulers/blocking.py", line 30, in _main_loop
    self._event.wait(wait_seconds)
  File "/usr/local/lib/python3.8/threading.py", line 558, in wait
    signaled = self._cond.wait(timeout)
  File "/usr/local/lib/python3.8/threading.py", line 306, in wait
    gotit = waiter.acquire(True, timeout)
  File "/home/airflow/.local/lib/python3.8/site-packages/airflow/models/taskinstance.py", line 1632, in signal_handler
    raise AirflowException("Task received SIGTERM signal")
airflow.exceptions.AirflowException: Task received SIGTERM signal
[2023-10-10T19:59:57.173+0000] {taskinstance.py:1398} INFO - Marking task as UP_FOR_RETRY. dag_id=***_exam, task_id=retrieve_raw_data, execution_date=20231010T194100, start_date=20231010T194241, end_date=20231010T195957
[2023-10-10T19:59:57.328+0000] {standard_task_runner.py:104} ERROR - Failed to execute job 20 for task retrieve_raw_data (Task received SIGTERM signal; 649)
[2023-10-10T19:59:57.501+0000] {process_utils.py:79} INFO - Process psutil.Process(pid=649, status='terminated', exitcode=1, started='19:42:41') (649) terminated with exit code 1
[2023-10-10T19:59:57.550+0000] {local_task_job_runner.py:228} INFO - Task exited with return code 143
[2023-10-10T19:59:57.826+0000] {taskinstance.py:2776} INFO - 0 downstream tasks scheduled from follow-on schedule check
